<html xmlns:math="http://exslt.org/math" xmlns:testng="http://testng.org">
   <head>
      <title>TestNG Results</title>
      <meta http-equiv="content-type" content="text/html; charset=utf-8"></meta>
      <meta http-equiv="pragma" content="no-cache"></meta>
      <meta http-equiv="cache-control" content="max-age=0"></meta>
      <meta http-equiv="cache-control" content="no-cache"></meta>
      <meta http-equiv="cache-control" content="no-store"></meta>
      <LINK rel="stylesheet" href="style.css"></LINK>
      <script type="text/javascript" src="main.js"></script>
   </head>
   <body>
      <table width="100%" style="font-size: 16px; margin-bottom: 10px;" cellspacing="1">
         <tr>
            <td width="100%">
               								All methods in suite
               								
               <b>Mobile_WorkOrder_TestSuite</b>
            </td>
            <td style="background-color: #FFBBBB; padding: 3px 3px 3px 0;" align="center">
               <div style="width: 50px;">0</div>
            </td>
            <td style="background-color: lightgreen; padding: 3px 3px 3px 0;" align="center">
               <div style="width: 50px;">0</div>
            </td>
            <td style="background-color: #FFFFBB; padding: 3px 3px 3px 0;" align="center">
               <div style="width: 50px;">2</div>
            </td>
            <td align="center" style="background-color: #eaf0f7; padding: 3px 3px 3px 0;">
               <div style="width: 50px;">2</div>
            </td>
            <td align="center"
                style="font-weight: bold; background-color: #eaf0f7; padding: 3px 3px 3px 0;">
               <div style="width: 50px;">0%</div>
            </td>
            <td style="background-color: #eaf0f7; padding: 3px 3px 3px 0;" align="center"
                nowrap="true">29
               			 ms
               		
            </td>
         </tr>
      </table>
      <div style="width: 200px;">
         <label for="groupMethodsCheckBox" style="font-weight: bold; margin: 0;">
            <input id="groupMethodsCheckBox" type="checkbox" onclick="switchTestMethodsView(this)"
                   checked=""></input>
            				Group by class
            			
         </label>
         <br></br>
         <label for="methodsFilter_ALL" style="font-weight: bold; margin: 0;">
            <input id="methodsFilter_ALL" type="checkbox"
                   onclick="testMethodsFilterChanged(this, 'ALL')"
                   checked=""></input>
            				All
            			
         </label>
      </div>
      <label for="methodsFilter_FAIL" style="margin-left: 20px;">
         <input id="methodsFilter_FAIL" type="checkbox"
                onclick="testMethodsFilterChanged(this, 'FAIL')"
                checked=""></input>
         			Failed
         		
      </label>
      <label for="methodsFilter_PASS">
         <input id="methodsFilter_PASS" type="checkbox"
                onclick="testMethodsFilterChanged(this, 'PASS')"
                checked=""></input>
         			Passed
         		
      </label>
      <label for="methodsFilter_SKIP">
         <input id="methodsFilter_SKIP" type="checkbox"
                onclick="testMethodsFilterChanged(this, 'SKIP')"
                checked=""></input>
         			Skipped
         		
      </label>
      <label for="methodsFilter_CONF">
         <input id="methodsFilter_CONF" type="checkbox"
                onclick="testMethodsFilterChanged(this, 'CONF')"
                checked=""></input>
         			Config
         		
      </label>
      <br></br>
      <div id="testMethodsByStatus" style="display: none;">
         <table class="testMethodsTable" cellpadding="0" cellspacing="0">
            <tr class="methodsTableHeader">
               <td width="100%">Name</td>
               <td nowrap="true">Started</td>
               <td nowrap="true">Duration</td>
               <td>Exception</td>
            </tr>
            <tr id="mwo.tests.LoginTests_beforeSuite_byStatus_failed_FAIL1_row"
                class="testMethodStatusFAIL testMethodStatusCONF">
               <td width="100%" class="firstMethodCell">
                  <a onclick="toggleDetailsVisibility('mwo.tests.LoginTests_beforeSuite_byStatus_failed_FAIL1_details')">beforeSuite()</a>
               </td>
               <td nowrap="true">01:38:40</td>
               <td nowrap="true" align="right">0
                  			 ms
                  		
               </td>
               <td nowrap="true">
                  <a onclick="toggleDetailsVisibility('mwo.tests.LoginTests_beforeSuite_byStatus_failed_FAIL1_exception')">java.lang.UnsupportedClassVersionError: 
                     com/report/factory/ExtentManager : Unsupported major.minor version 52.0
                     
                  </a>
                  					 
                  				
               </td>
            </tr>
            <tr>
               <td colspan="4" class="detailsBox">
                  <div id="mwo.tests.LoginTests_beforeSuite_byStatus_failed_FAIL1_details"
                       class="testMethodDetails">
                     <div>
                        <b>Name: </b>beforeSuite
                     </div>
                     <div>
                        <b>Signature: </b>beforeSuite()[pri:0, instance:mwo.tests.LoginTests@44865ee]
                     </div>
                     <div>
                        <b>Start time: </b>01:38:40
                     </div>
                     <div>
                        <b>End time: </b>01:38:40
                     </div>
                     <div>
                        <b>Duration: </b>0
                        			 ms
                        		
                     </div>
                  </div>
               </td>
            </tr>
            <tr>
               <td colspan="4" class="detailsBox">
                  <div id="mwo.tests.LoginTests_beforeSuite_byStatus_failed_FAIL1_exception"
                       class="testMethodDetails">
                     <pre style="padding: 5px; margin: 0;">java.lang.UnsupportedClassVersionError: com/report/factory/ExtentManager : Unsupported major.minor version 52.0
                        	at java.lang.ClassLoader.defineClass1(Native Method)
                        	at java.lang.ClassLoader.defineClass(ClassLoader.java:800)
                        	at java.security.SecureClassLoader.defineClass(SecureClassLoader.java:142)
                        	at java.net.URLClassLoader.defineClass(URLClassLoader.java:449)
                        	at java.net.URLClassLoader.access$100(URLClassLoader.java:71)
                        	at java.net.URLClassLoader$1.run(URLClassLoader.java:361)
                        	at java.net.URLClassLoader$1.run(URLClassLoader.java:355)
                        	at java.security.AccessController.doPrivileged(Native Method)
                        	at java.net.URLClassLoader.findClass(URLClassLoader.java:354)
                        	at java.lang.ClassLoader.loadClass(ClassLoader.java:425)
                        	at sun.misc.Launcher$AppClassLoader.loadClass(Launcher.java:308)
                        	at java.lang.ClassLoader.loadClass(ClassLoader.java:358)
                        	at com.appium.testng.TestBaseStandalone.beforeSuite(Unknown Source)
                        	at sun.reflect.NativeMethodAccessorImpl.invoke0(Native Method)
                        	at sun.reflect.NativeMethodAccessorImpl.invoke(NativeMethodAccessorImpl.java:57)
                        	at sun.reflect.DelegatingMethodAccessorImpl.invoke(DelegatingMethodAccessorImpl.java:43)
                        	at java.lang.reflect.Method.invoke(Method.java:606)
                        	at org.testng.internal.MethodInvocationHelper.invokeMethod(MethodInvocationHelper.java:85)
                        	at org.testng.internal.Invoker.invokeConfigurationMethod(Invoker.java:510)
                        	at org.testng.internal.Invoker.invokeConfigurations(Invoker.java:211)
                        	at org.testng.internal.Invoker.invokeConfigurations(Invoker.java:138)
                        	at org.testng.SuiteRunner.privateRun(SuiteRunner.java:298)
                        	at org.testng.SuiteRunner.run(SuiteRunner.java:261)
                        	at org.testng.SuiteRunnerWorker.runSuite(SuiteRunnerWorker.java:52)
                        	at org.testng.SuiteRunnerWorker.run(SuiteRunnerWorker.java:86)
                        	at org.testng.TestNG.runSuitesSequentially(TestNG.java:1215)
                        	at org.testng.TestNG.runSuitesLocally(TestNG.java:1140)
                        	at org.testng.TestNG.run(TestNG.java:1048)
                        	at org.testng.TestNG.privateMain(TestNG.java:1355)
                        	at org.testng.TestNG.main(TestNG.java:1324)
                     </pre>
                  </div>
               </td>
            </tr>
            <tr id="mwo.tests.LoginTests_beforeMethod_byStatus_failed_FAIL2_row"
                class="testMethodStatusFAIL testMethodStatusCONF">
               <td width="100%" class="firstMethodCell">
                  <a onclick="toggleDetailsVisibility('mwo.tests.LoginTests_beforeMethod_byStatus_failed_FAIL2_details')">beforeMethod(public void mwo.tests.LoginTests.testInValidLogin() throws java.lang.Exception)</a>
               </td>
               <td nowrap="true">01:38:40</td>
               <td nowrap="true" align="right">0
                  			 ms
                  		
               </td>
               <td nowrap="true">
                  <a onclick="toggleDetailsVisibility('mwo.tests.LoginTests_beforeMethod_byStatus_failed_FAIL2_exception')">java.lang.UnsupportedClassVersionError: 
                     com/report/factory/ExtentTestManager : Unsupported major.minor version 52.0
                     
                  </a>
                  					 
                  				
               </td>
            </tr>
            <tr>
               <td colspan="4" class="detailsBox">
                  <div id="mwo.tests.LoginTests_beforeMethod_byStatus_failed_FAIL2_details"
                       class="testMethodDetails">
                     <div>
                        <b>Name: </b>beforeMethod
                     </div>
                     <div>
                        <b>Signature: </b>beforeMethod(java.lang.reflect.Method)[pri:0, instance:mwo.tests.LoginTests@44865ee]
                     </div>
                     <div>
                        <b>Parameters: </b>
                        
                        public void mwo.tests.LoginTests.testInValidLogin() throws java.lang.Exception
                        
                        
                     </div>
                     <div>
                        <b>Start time: </b>01:38:40
                     </div>
                     <div>
                        <b>End time: </b>01:38:40
                     </div>
                     <div>
                        <b>Duration: </b>0
                        			 ms
                        		
                     </div>
                  </div>
               </td>
            </tr>
            <tr>
               <td colspan="4" class="detailsBox">
                  <div id="mwo.tests.LoginTests_beforeMethod_byStatus_failed_FAIL2_exception"
                       class="testMethodDetails">
                     <pre style="padding: 5px; margin: 0;">java.lang.UnsupportedClassVersionError: com/report/factory/ExtentTestManager : Unsupported major.minor version 52.0
                        	at java.lang.ClassLoader.defineClass1(Native Method)
                        	at java.lang.ClassLoader.defineClass(ClassLoader.java:800)
                        	at java.security.SecureClassLoader.defineClass(SecureClassLoader.java:142)
                        	at java.net.URLClassLoader.defineClass(URLClassLoader.java:449)
                        	at java.net.URLClassLoader.access$100(URLClassLoader.java:71)
                        	at java.net.URLClassLoader$1.run(URLClassLoader.java:361)
                        	at java.net.URLClassLoader$1.run(URLClassLoader.java:355)
                        	at java.security.AccessController.doPrivileged(Native Method)
                        	at java.net.URLClassLoader.findClass(URLClassLoader.java:354)
                        	at java.lang.ClassLoader.loadClass(ClassLoader.java:425)
                        	at sun.misc.Launcher$AppClassLoader.loadClass(Launcher.java:308)
                        	at java.lang.ClassLoader.loadClass(ClassLoader.java:358)
                        	at com.appium.testng.TestBaseStandalone.beforeMethod(Unknown Source)
                        	at sun.reflect.NativeMethodAccessorImpl.invoke0(Native Method)
                        	at sun.reflect.NativeMethodAccessorImpl.invoke(NativeMethodAccessorImpl.java:57)
                        	at sun.reflect.DelegatingMethodAccessorImpl.invoke(DelegatingMethodAccessorImpl.java:43)
                        	at java.lang.reflect.Method.invoke(Method.java:606)
                        	at org.testng.internal.MethodInvocationHelper.invokeMethod(MethodInvocationHelper.java:85)
                        	at org.testng.internal.Invoker.invokeConfigurationMethod(Invoker.java:510)
                        	at org.testng.internal.Invoker.invokeConfigurations(Invoker.java:211)
                        	at org.testng.internal.Invoker.invokeMethod(Invoker.java:585)
                        	at org.testng.internal.Invoker.invokeTestMethod(Invoker.java:816)
                        	at org.testng.internal.Invoker.invokeTestMethods(Invoker.java:1124)
                        	at org.testng.internal.TestMethodWorker.invokeTestMethods(TestMethodWorker.java:125)
                        	at org.testng.internal.TestMethodWorker.run(TestMethodWorker.java:108)
                        	at org.testng.TestRunner.privateRun(TestRunner.java:774)
                        	at org.testng.TestRunner.run(TestRunner.java:624)
                        	at org.testng.SuiteRunner.runTest(SuiteRunner.java:359)
                        	at org.testng.SuiteRunner.runSequentially(SuiteRunner.java:354)
                        	at org.testng.SuiteRunner.privateRun(SuiteRunner.java:312)
                        	at org.testng.SuiteRunner.run(SuiteRunner.java:261)
                        	at org.testng.SuiteRunnerWorker.runSuite(SuiteRunnerWorker.java:52)
                        	at org.testng.SuiteRunnerWorker.run(SuiteRunnerWorker.java:86)
                        	at org.testng.TestNG.runSuitesSequentially(TestNG.java:1215)
                        	at org.testng.TestNG.runSuitesLocally(TestNG.java:1140)
                        	at org.testng.TestNG.run(TestNG.java:1048)
                        	at org.testng.TestNG.privateMain(TestNG.java:1355)
                        	at org.testng.TestNG.main(TestNG.java:1324)
                     </pre>
                  </div>
               </td>
            </tr>
            <tr id="mwo.tests.LoginTests_afterMethod_byStatus_failed_FAIL3_row"
                class="testMethodStatusFAIL testMethodStatusCONF">
               <td width="100%" class="firstMethodCell">
                  <a onclick="toggleDetailsVisibility('mwo.tests.LoginTests_afterMethod_byStatus_failed_FAIL3_details')">afterMethod([TestResult name=testInValidLogin status=SKIP method=LoginTests.testInValidLogin()[pri:0, instance:mwo.tests.LoginTests@44865ee]
                     output={null}])
                  </a>
               </td>
               <td nowrap="true">01:38:40</td>
               <td nowrap="true" align="right">0
                  			 ms
                  		
               </td>
               <td nowrap="true">
                  <a onclick="toggleDetailsVisibility('mwo.tests.LoginTests_afterMethod_byStatus_failed_FAIL3_exception')">java.lang.UnsupportedClassVersionError: 
                     com/report/factory/ExtentTestManager
                     
                  </a>
                  					 
                  				
               </td>
            </tr>
            <tr>
               <td colspan="4" class="detailsBox">
                  <div id="mwo.tests.LoginTests_afterMethod_byStatus_failed_FAIL3_details"
                       class="testMethodDetails">
                     <div>
                        <b>Name: </b>afterMethod
                     </div>
                     <div>
                        <b>Signature: </b>afterMethod(org.testng.ITestResult)[pri:0, instance:mwo.tests.LoginTests@44865ee]
                     </div>
                     <div>
                        <b>Parameters: </b>
                        
                        [TestResult name=testInValidLogin status=SKIP method=LoginTests.testInValidLogin()[pri:0, instance:mwo.tests.LoginTests@44865ee]
                        output={null}]
                        
                        
                     </div>
                     <div>
                        <b>Start time: </b>01:38:40
                     </div>
                     <div>
                        <b>End time: </b>01:38:40
                     </div>
                     <div>
                        <b>Duration: </b>0
                        			 ms
                        		
                     </div>
                  </div>
               </td>
            </tr>
            <tr>
               <td colspan="4" class="detailsBox">
                  <div id="mwo.tests.LoginTests_afterMethod_byStatus_failed_FAIL3_exception"
                       class="testMethodDetails">
                     <pre style="padding: 5px; margin: 0;">java.lang.UnsupportedClassVersionError: com/report/factory/ExtentTestManager
                        	at com.appium.testng.TestBaseStandalone.afterMethod(Unknown Source)
                        	at sun.reflect.NativeMethodAccessorImpl.invoke0(Native Method)
                        	at sun.reflect.NativeMethodAccessorImpl.invoke(NativeMethodAccessorImpl.java:57)
                        	at sun.reflect.DelegatingMethodAccessorImpl.invoke(DelegatingMethodAccessorImpl.java:43)
                        	at java.lang.reflect.Method.invoke(Method.java:606)
                        	at org.testng.internal.MethodInvocationHelper.invokeMethod(MethodInvocationHelper.java:85)
                        	at org.testng.internal.Invoker.invokeConfigurationMethod(Invoker.java:510)
                        	at org.testng.internal.Invoker.invokeConfigurations(Invoker.java:211)
                        	at org.testng.internal.Invoker.invokeMethod(Invoker.java:703)
                        	at org.testng.internal.Invoker.invokeTestMethod(Invoker.java:816)
                        	at org.testng.internal.Invoker.invokeTestMethods(Invoker.java:1124)
                        	at org.testng.internal.TestMethodWorker.invokeTestMethods(TestMethodWorker.java:125)
                        	at org.testng.internal.TestMethodWorker.run(TestMethodWorker.java:108)
                        	at org.testng.TestRunner.privateRun(TestRunner.java:774)
                        	at org.testng.TestRunner.run(TestRunner.java:624)
                        	at org.testng.SuiteRunner.runTest(SuiteRunner.java:359)
                        	at org.testng.SuiteRunner.runSequentially(SuiteRunner.java:354)
                        	at org.testng.SuiteRunner.privateRun(SuiteRunner.java:312)
                        	at org.testng.SuiteRunner.run(SuiteRunner.java:261)
                        	at org.testng.SuiteRunnerWorker.runSuite(SuiteRunnerWorker.java:52)
                        	at org.testng.SuiteRunnerWorker.run(SuiteRunnerWorker.java:86)
                        	at org.testng.TestNG.runSuitesSequentially(TestNG.java:1215)
                        	at org.testng.TestNG.runSuitesLocally(TestNG.java:1140)
                        	at org.testng.TestNG.run(TestNG.java:1048)
                        	at org.testng.TestNG.privateMain(TestNG.java:1355)
                        	at org.testng.TestNG.main(TestNG.java:1324)
                     </pre>
                  </div>
               </td>
            </tr>
            <tr id="mwo.tests.LoginTests_beforeMethod_byStatus_failed_FAIL4_row"
                class="testMethodStatusFAIL testMethodStatusCONF">
               <td width="100%" class="firstMethodCell">
                  <a onclick="toggleDetailsVisibility('mwo.tests.LoginTests_beforeMethod_byStatus_failed_FAIL4_details')">beforeMethod(public void mwo.tests.LoginTests.testValidLogin() throws java.lang.Exception)</a>
               </td>
               <td nowrap="true">01:38:40</td>
               <td nowrap="true" align="right">0
                  			 ms
                  		
               </td>
               <td nowrap="true">
                  <a onclick="toggleDetailsVisibility('mwo.tests.LoginTests_beforeMethod_byStatus_failed_FAIL4_exception')">java.lang.UnsupportedClassVersionError: 
                     com/report/factory/ExtentTestManager
                     
                  </a>
                  					 
                  				
               </td>
            </tr>
            <tr>
               <td colspan="4" class="detailsBox">
                  <div id="mwo.tests.LoginTests_beforeMethod_byStatus_failed_FAIL4_details"
                       class="testMethodDetails">
                     <div>
                        <b>Name: </b>beforeMethod
                     </div>
                     <div>
                        <b>Signature: </b>beforeMethod(java.lang.reflect.Method)[pri:0, instance:mwo.tests.LoginTests@44865ee]
                     </div>
                     <div>
                        <b>Parameters: </b>
                        
                        public void mwo.tests.LoginTests.testValidLogin() throws java.lang.Exception
                        
                        
                     </div>
                     <div>
                        <b>Start time: </b>01:38:40
                     </div>
                     <div>
                        <b>End time: </b>01:38:40
                     </div>
                     <div>
                        <b>Duration: </b>0
                        			 ms
                        		
                     </div>
                  </div>
               </td>
            </tr>
            <tr>
               <td colspan="4" class="detailsBox">
                  <div id="mwo.tests.LoginTests_beforeMethod_byStatus_failed_FAIL4_exception"
                       class="testMethodDetails">
                     <pre style="padding: 5px; margin: 0;">java.lang.UnsupportedClassVersionError: com/report/factory/ExtentTestManager
                        	at com.appium.testng.TestBaseStandalone.beforeMethod(Unknown Source)
                        	at sun.reflect.NativeMethodAccessorImpl.invoke0(Native Method)
                        	at sun.reflect.NativeMethodAccessorImpl.invoke(NativeMethodAccessorImpl.java:57)
                        	at sun.reflect.DelegatingMethodAccessorImpl.invoke(DelegatingMethodAccessorImpl.java:43)
                        	at java.lang.reflect.Method.invoke(Method.java:606)
                        	at org.testng.internal.MethodInvocationHelper.invokeMethod(MethodInvocationHelper.java:85)
                        	at org.testng.internal.Invoker.invokeConfigurationMethod(Invoker.java:510)
                        	at org.testng.internal.Invoker.invokeConfigurations(Invoker.java:211)
                        	at org.testng.internal.Invoker.invokeMethod(Invoker.java:585)
                        	at org.testng.internal.Invoker.invokeTestMethod(Invoker.java:816)
                        	at org.testng.internal.Invoker.invokeTestMethods(Invoker.java:1124)
                        	at org.testng.internal.TestMethodWorker.invokeTestMethods(TestMethodWorker.java:125)
                        	at org.testng.internal.TestMethodWorker.run(TestMethodWorker.java:108)
                        	at org.testng.TestRunner.privateRun(TestRunner.java:774)
                        	at org.testng.TestRunner.run(TestRunner.java:624)
                        	at org.testng.SuiteRunner.runTest(SuiteRunner.java:359)
                        	at org.testng.SuiteRunner.runSequentially(SuiteRunner.java:354)
                        	at org.testng.SuiteRunner.privateRun(SuiteRunner.java:312)
                        	at org.testng.SuiteRunner.run(SuiteRunner.java:261)
                        	at org.testng.SuiteRunnerWorker.runSuite(SuiteRunnerWorker.java:52)
                        	at org.testng.SuiteRunnerWorker.run(SuiteRunnerWorker.java:86)
                        	at org.testng.TestNG.runSuitesSequentially(TestNG.java:1215)
                        	at org.testng.TestNG.runSuitesLocally(TestNG.java:1140)
                        	at org.testng.TestNG.run(TestNG.java:1048)
                        	at org.testng.TestNG.privateMain(TestNG.java:1355)
                        	at org.testng.TestNG.main(TestNG.java:1324)
                     </pre>
                  </div>
               </td>
            </tr>
            <tr id="mwo.tests.LoginTests_afterMethod_byStatus_failed_FAIL5_row"
                class="testMethodStatusFAIL testMethodStatusCONF">
               <td width="100%" class="firstMethodCell">
                  <a onclick="toggleDetailsVisibility('mwo.tests.LoginTests_afterMethod_byStatus_failed_FAIL5_details')">afterMethod([TestResult name=testValidLogin status=SKIP method=LoginTests.testValidLogin()[pri:0, instance:mwo.tests.LoginTests@44865ee]
                     output={null}])
                  </a>
               </td>
               <td nowrap="true">01:38:40</td>
               <td nowrap="true" align="right">0
                  			 ms
                  		
               </td>
               <td nowrap="true">
                  <a onclick="toggleDetailsVisibility('mwo.tests.LoginTests_afterMethod_byStatus_failed_FAIL5_exception')">java.lang.UnsupportedClassVersionError: 
                     com/report/factory/ExtentTestManager
                     
                  </a>
                  					 
                  				
               </td>
            </tr>
            <tr>
               <td colspan="4" class="detailsBox">
                  <div id="mwo.tests.LoginTests_afterMethod_byStatus_failed_FAIL5_details"
                       class="testMethodDetails">
                     <div>
                        <b>Name: </b>afterMethod
                     </div>
                     <div>
                        <b>Signature: </b>afterMethod(org.testng.ITestResult)[pri:0, instance:mwo.tests.LoginTests@44865ee]
                     </div>
                     <div>
                        <b>Parameters: </b>
                        
                        [TestResult name=testValidLogin status=SKIP method=LoginTests.testValidLogin()[pri:0, instance:mwo.tests.LoginTests@44865ee]
                        output={null}]
                        
                        
                     </div>
                     <div>
                        <b>Start time: </b>01:38:40
                     </div>
                     <div>
                        <b>End time: </b>01:38:40
                     </div>
                     <div>
                        <b>Duration: </b>0
                        			 ms
                        		
                     </div>
                  </div>
               </td>
            </tr>
            <tr>
               <td colspan="4" class="detailsBox">
                  <div id="mwo.tests.LoginTests_afterMethod_byStatus_failed_FAIL5_exception"
                       class="testMethodDetails">
                     <pre style="padding: 5px; margin: 0;">java.lang.UnsupportedClassVersionError: com/report/factory/ExtentTestManager
                        	at com.appium.testng.TestBaseStandalone.afterMethod(Unknown Source)
                        	at sun.reflect.NativeMethodAccessorImpl.invoke0(Native Method)
                        	at sun.reflect.NativeMethodAccessorImpl.invoke(NativeMethodAccessorImpl.java:57)
                        	at sun.reflect.DelegatingMethodAccessorImpl.invoke(DelegatingMethodAccessorImpl.java:43)
                        	at java.lang.reflect.Method.invoke(Method.java:606)
                        	at org.testng.internal.MethodInvocationHelper.invokeMethod(MethodInvocationHelper.java:85)
                        	at org.testng.internal.Invoker.invokeConfigurationMethod(Invoker.java:510)
                        	at org.testng.internal.Invoker.invokeConfigurations(Invoker.java:211)
                        	at org.testng.internal.Invoker.invokeMethod(Invoker.java:703)
                        	at org.testng.internal.Invoker.invokeTestMethod(Invoker.java:816)
                        	at org.testng.internal.Invoker.invokeTestMethods(Invoker.java:1124)
                        	at org.testng.internal.TestMethodWorker.invokeTestMethods(TestMethodWorker.java:125)
                        	at org.testng.internal.TestMethodWorker.run(TestMethodWorker.java:108)
                        	at org.testng.TestRunner.privateRun(TestRunner.java:774)
                        	at org.testng.TestRunner.run(TestRunner.java:624)
                        	at org.testng.SuiteRunner.runTest(SuiteRunner.java:359)
                        	at org.testng.SuiteRunner.runSequentially(SuiteRunner.java:354)
                        	at org.testng.SuiteRunner.privateRun(SuiteRunner.java:312)
                        	at org.testng.SuiteRunner.run(SuiteRunner.java:261)
                        	at org.testng.SuiteRunnerWorker.runSuite(SuiteRunnerWorker.java:52)
                        	at org.testng.SuiteRunnerWorker.run(SuiteRunnerWorker.java:86)
                        	at org.testng.TestNG.runSuitesSequentially(TestNG.java:1215)
                        	at org.testng.TestNG.runSuitesLocally(TestNG.java:1140)
                        	at org.testng.TestNG.run(TestNG.java:1048)
                        	at org.testng.TestNG.privateMain(TestNG.java:1355)
                        	at org.testng.TestNG.main(TestNG.java:1324)
                     </pre>
                  </div>
               </td>
            </tr>
            <tr id="mwo.tests.LoginTests_afterSuite_byStatus_failed_FAIL6_row"
                class="testMethodStatusFAIL testMethodStatusCONF">
               <td width="100%" class="firstMethodCell">
                  <a onclick="toggleDetailsVisibility('mwo.tests.LoginTests_afterSuite_byStatus_failed_FAIL6_details')">afterSuite()</a>
               </td>
               <td nowrap="true">01:38:40</td>
               <td nowrap="true" align="right">0
                  			 ms
                  		
               </td>
               <td nowrap="true">
                  <a onclick="toggleDetailsVisibility('mwo.tests.LoginTests_afterSuite_byStatus_failed_FAIL6_exception')">java.lang.NullPointerException: </a>
                  					 
                  				
               </td>
            </tr>
            <tr>
               <td colspan="4" class="detailsBox">
                  <div id="mwo.tests.LoginTests_afterSuite_byStatus_failed_FAIL6_details"
                       class="testMethodDetails">
                     <div>
                        <b>Name: </b>afterSuite
                     </div>
                     <div>
                        <b>Signature: </b>afterSuite()[pri:0, instance:mwo.tests.LoginTests@44865ee]
                     </div>
                     <div>
                        <b>Start time: </b>01:38:40
                     </div>
                     <div>
                        <b>End time: </b>01:38:40
                     </div>
                     <div>
                        <b>Duration: </b>0
                        			 ms
                        		
                     </div>
                  </div>
               </td>
            </tr>
            <tr>
               <td colspan="4" class="detailsBox">
                  <div id="mwo.tests.LoginTests_afterSuite_byStatus_failed_FAIL6_exception"
                       class="testMethodDetails">
                     <pre style="padding: 5px; margin: 0;">java.lang.NullPointerException
                        	at com.appium.testng.TestBaseStandalone.afterSuite(Unknown Source)
                        	at sun.reflect.NativeMethodAccessorImpl.invoke0(Native Method)
                        	at sun.reflect.NativeMethodAccessorImpl.invoke(NativeMethodAccessorImpl.java:57)
                        	at sun.reflect.DelegatingMethodAccessorImpl.invoke(DelegatingMethodAccessorImpl.java:43)
                        	at java.lang.reflect.Method.invoke(Method.java:606)
                        	at org.testng.internal.MethodInvocationHelper.invokeMethod(MethodInvocationHelper.java:85)
                        	at org.testng.internal.Invoker.invokeConfigurationMethod(Invoker.java:510)
                        	at org.testng.internal.Invoker.invokeConfigurations(Invoker.java:211)
                        	at org.testng.internal.Invoker.invokeConfigurations(Invoker.java:138)
                        	at org.testng.SuiteRunner.privateRun(SuiteRunner.java:329)
                        	at org.testng.SuiteRunner.run(SuiteRunner.java:261)
                        	at org.testng.SuiteRunnerWorker.runSuite(SuiteRunnerWorker.java:52)
                        	at org.testng.SuiteRunnerWorker.run(SuiteRunnerWorker.java:86)
                        	at org.testng.TestNG.runSuitesSequentially(TestNG.java:1215)
                        	at org.testng.TestNG.runSuitesLocally(TestNG.java:1140)
                        	at org.testng.TestNG.run(TestNG.java:1048)
                        	at org.testng.TestNG.privateMain(TestNG.java:1355)
                        	at org.testng.TestNG.main(TestNG.java:1324)
                     </pre>
                  </div>
               </td>
            </tr>
            <tr id="mwo.tests.LoginTests_beforeClass_byStatus_passed_PASS1_row"
                class="testMethodStatusPASS testMethodStatusCONF">
               <td width="100%" class="firstMethodCell">
                  <a onclick="toggleDetailsVisibility('mwo.tests.LoginTests_beforeClass_byStatus_passed_PASS1_details')">beforeClass()</a>
               </td>
               <td nowrap="true">01:38:40</td>
               <td nowrap="true" align="right">1
                  			 ms
                  		
               </td>
               <td nowrap="true">
                  					 
                  				
               </td>
            </tr>
            <tr>
               <td colspan="4" class="detailsBox">
                  <div id="mwo.tests.LoginTests_beforeClass_byStatus_passed_PASS1_details"
                       class="testMethodDetails">
                     <div>
                        <b>Name: </b>beforeClass
                     </div>
                     <div>
                        <b>Signature: </b>beforeClass()[pri:0, instance:mwo.tests.LoginTests@44865ee]
                     </div>
                     <div>
                        <b>Start time: </b>01:38:40
                     </div>
                     <div>
                        <b>End time: </b>01:38:40
                     </div>
                     <div>
                        <b>Duration: </b>1
                        			 ms
                        		
                     </div>
                  </div>
               </td>
            </tr>
            <tr></tr>
            <tr id="mwo.tests.LoginTests_afterClass_byStatus_passed_PASS2_row"
                class="testMethodStatusPASS testMethodStatusCONF">
               <td width="100%" class="firstMethodCell">
                  <a onclick="toggleDetailsVisibility('mwo.tests.LoginTests_afterClass_byStatus_passed_PASS2_details')">afterClass()</a>
               </td>
               <td nowrap="true">01:38:40</td>
               <td nowrap="true" align="right">0
                  			 ms
                  		
               </td>
               <td nowrap="true">
                  					 
                  				
               </td>
            </tr>
            <tr>
               <td colspan="4" class="detailsBox">
                  <div id="mwo.tests.LoginTests_afterClass_byStatus_passed_PASS2_details"
                       class="testMethodDetails">
                     <div>
                        <b>Name: </b>afterClass
                     </div>
                     <div>
                        <b>Signature: </b>afterClass()[pri:0, instance:mwo.tests.LoginTests@44865ee]
                     </div>
                     <div>
                        <b>Start time: </b>01:38:40
                     </div>
                     <div>
                        <b>End time: </b>01:38:40
                     </div>
                     <div>
                        <b>Duration: </b>0
                        			 ms
                        		
                     </div>
                  </div>
               </td>
            </tr>
            <tr></tr>
            <tr id="mwo.tests.LoginTests_testInValidLogin_byStatus_skiped_SKIP1_row"
                class="testMethodStatusSKIP">
               <td width="100%" class="firstMethodCell">
                  <a onclick="toggleDetailsVisibility('mwo.tests.LoginTests_testInValidLogin_byStatus_skiped_SKIP1_details')">testInValidLogin()</a>
               </td>
               <td nowrap="true">01:38:40</td>
               <td nowrap="true" align="right">0
                  			 ms
                  		
               </td>
               <td nowrap="true">
                  					 
                  				
               </td>
            </tr>
            <tr>
               <td colspan="4" class="detailsBox">
                  <div id="mwo.tests.LoginTests_testInValidLogin_byStatus_skiped_SKIP1_details"
                       class="testMethodDetails">
                     <div>
                        <b>Name: </b>testInValidLogin
                     </div>
                     <div>
                        <b>Signature: </b>testInValidLogin()[pri:0, instance:mwo.tests.LoginTests@44865ee]
                     </div>
                     <div>
                        <b>Start time: </b>01:38:40
                     </div>
                     <div>
                        <b>End time: </b>01:38:40
                     </div>
                     <div>
                        <b>Duration: </b>0
                        			 ms
                        		
                     </div>
                  </div>
               </td>
            </tr>
            <tr></tr>
            <tr id="mwo.tests.LoginTests_testValidLogin_byStatus_skiped_SKIP2_row"
                class="testMethodStatusSKIP">
               <td width="100%" class="firstMethodCell">
                  <a onclick="toggleDetailsVisibility('mwo.tests.LoginTests_testValidLogin_byStatus_skiped_SKIP2_details')">testValidLogin()</a>
               </td>
               <td nowrap="true">01:38:40</td>
               <td nowrap="true" align="right">0
                  			 ms
                  		
               </td>
               <td nowrap="true">
                  					 
                  				
               </td>
            </tr>
            <tr>
               <td colspan="4" class="detailsBox">
                  <div id="mwo.tests.LoginTests_testValidLogin_byStatus_skiped_SKIP2_details"
                       class="testMethodDetails">
                     <div>
                        <b>Name: </b>testValidLogin
                     </div>
                     <div>
                        <b>Signature: </b>testValidLogin()[pri:0, instance:mwo.tests.LoginTests@44865ee]
                     </div>
                     <div>
                        <b>Start time: </b>01:38:40
                     </div>
                     <div>
                        <b>End time: </b>01:38:40
                     </div>
                     <div>
                        <b>Duration: </b>0
                        			 ms
                        		
                     </div>
                  </div>
               </td>
            </tr>
            <tr></tr>
         </table>
      </div>
      <div id="testMethodsByClass">
         <table class="testMethodsTable" cellpadding="0" cellspacing="0">
            <tr>
               <td colspan="4">
                  <h3 style="display: inline;">mwo.tests.LoginTests</h3>
               </td>
            </tr>
            <tr class="methodsTableHeader">
               <td width="100%">Name</td>
               <td nowrap="true">Started</td>
               <td nowrap="true">Duration</td>
               <td>Exception</td>
            </tr>
            <tr id="mwo.tests.LoginTests_beforeSuite_byClass_FAIL1_row"
                class="testMethodStatusFAIL testMethodStatusCONF">
               <td width="100%" class="firstMethodCell">
                  <a onclick="toggleDetailsVisibility('mwo.tests.LoginTests_beforeSuite_byClass_FAIL1_details')">beforeSuite()</a>
               </td>
               <td nowrap="true">01:38:40</td>
               <td nowrap="true" align="right">0
                  			 ms
                  		
               </td>
               <td nowrap="true">
                  <a onclick="toggleDetailsVisibility('mwo.tests.LoginTests_beforeSuite_byClass_FAIL1_exception')">java.lang.UnsupportedClassVersionError: 
                     com/report/factory/ExtentManager : Unsupported major.minor version 52.0
                     
                  </a>
                  					 
                  				
               </td>
            </tr>
            <tr>
               <td colspan="4" class="detailsBox">
                  <div id="mwo.tests.LoginTests_beforeSuite_byClass_FAIL1_details"
                       class="testMethodDetails">
                     <div>
                        <b>Name: </b>beforeSuite
                     </div>
                     <div>
                        <b>Signature: </b>beforeSuite()[pri:0, instance:mwo.tests.LoginTests@44865ee]
                     </div>
                     <div>
                        <b>Start time: </b>01:38:40
                     </div>
                     <div>
                        <b>End time: </b>01:38:40
                     </div>
                     <div>
                        <b>Duration: </b>0
                        			 ms
                        		
                     </div>
                  </div>
               </td>
            </tr>
            <tr>
               <td colspan="4" class="detailsBox">
                  <div id="mwo.tests.LoginTests_beforeSuite_byClass_FAIL1_exception"
                       class="testMethodDetails">
                     <pre style="padding: 5px; margin: 0;">java.lang.UnsupportedClassVersionError: com/report/factory/ExtentManager : Unsupported major.minor version 52.0
                        	at java.lang.ClassLoader.defineClass1(Native Method)
                        	at java.lang.ClassLoader.defineClass(ClassLoader.java:800)
                        	at java.security.SecureClassLoader.defineClass(SecureClassLoader.java:142)
                        	at java.net.URLClassLoader.defineClass(URLClassLoader.java:449)
                        	at java.net.URLClassLoader.access$100(URLClassLoader.java:71)
                        	at java.net.URLClassLoader$1.run(URLClassLoader.java:361)
                        	at java.net.URLClassLoader$1.run(URLClassLoader.java:355)
                        	at java.security.AccessController.doPrivileged(Native Method)
                        	at java.net.URLClassLoader.findClass(URLClassLoader.java:354)
                        	at java.lang.ClassLoader.loadClass(ClassLoader.java:425)
                        	at sun.misc.Launcher$AppClassLoader.loadClass(Launcher.java:308)
                        	at java.lang.ClassLoader.loadClass(ClassLoader.java:358)
                        	at com.appium.testng.TestBaseStandalone.beforeSuite(Unknown Source)
                        	at sun.reflect.NativeMethodAccessorImpl.invoke0(Native Method)
                        	at sun.reflect.NativeMethodAccessorImpl.invoke(NativeMethodAccessorImpl.java:57)
                        	at sun.reflect.DelegatingMethodAccessorImpl.invoke(DelegatingMethodAccessorImpl.java:43)
                        	at java.lang.reflect.Method.invoke(Method.java:606)
                        	at org.testng.internal.MethodInvocationHelper.invokeMethod(MethodInvocationHelper.java:85)
                        	at org.testng.internal.Invoker.invokeConfigurationMethod(Invoker.java:510)
                        	at org.testng.internal.Invoker.invokeConfigurations(Invoker.java:211)
                        	at org.testng.internal.Invoker.invokeConfigurations(Invoker.java:138)
                        	at org.testng.SuiteRunner.privateRun(SuiteRunner.java:298)
                        	at org.testng.SuiteRunner.run(SuiteRunner.java:261)
                        	at org.testng.SuiteRunnerWorker.runSuite(SuiteRunnerWorker.java:52)
                        	at org.testng.SuiteRunnerWorker.run(SuiteRunnerWorker.java:86)
                        	at org.testng.TestNG.runSuitesSequentially(TestNG.java:1215)
                        	at org.testng.TestNG.runSuitesLocally(TestNG.java:1140)
                        	at org.testng.TestNG.run(TestNG.java:1048)
                        	at org.testng.TestNG.privateMain(TestNG.java:1355)
                        	at org.testng.TestNG.main(TestNG.java:1324)
                     </pre>
                  </div>
               </td>
            </tr>
            <tr id="mwo.tests.LoginTests_beforeClass_byClass_PASS2_row"
                class="testMethodStatusPASS testMethodStatusCONF">
               <td width="100%" class="firstMethodCell">
                  <a onclick="toggleDetailsVisibility('mwo.tests.LoginTests_beforeClass_byClass_PASS2_details')">beforeClass()</a>
               </td>
               <td nowrap="true">01:38:40</td>
               <td nowrap="true" align="right">1
                  			 ms
                  		
               </td>
               <td nowrap="true">
                  					 
                  				
               </td>
            </tr>
            <tr>
               <td colspan="4" class="detailsBox">
                  <div id="mwo.tests.LoginTests_beforeClass_byClass_PASS2_details"
                       class="testMethodDetails">
                     <div>
                        <b>Name: </b>beforeClass
                     </div>
                     <div>
                        <b>Signature: </b>beforeClass()[pri:0, instance:mwo.tests.LoginTests@44865ee]
                     </div>
                     <div>
                        <b>Start time: </b>01:38:40
                     </div>
                     <div>
                        <b>End time: </b>01:38:40
                     </div>
                     <div>
                        <b>Duration: </b>1
                        			 ms
                        		
                     </div>
                  </div>
               </td>
            </tr>
            <tr></tr>
            <tr id="mwo.tests.LoginTests_beforeMethod_byClass_FAIL3_row"
                class="testMethodStatusFAIL testMethodStatusCONF">
               <td width="100%" class="firstMethodCell">
                  <a onclick="toggleDetailsVisibility('mwo.tests.LoginTests_beforeMethod_byClass_FAIL3_details')">beforeMethod(public void mwo.tests.LoginTests.testInValidLogin() throws java.lang.Exception)</a>
               </td>
               <td nowrap="true">01:38:40</td>
               <td nowrap="true" align="right">0
                  			 ms
                  		
               </td>
               <td nowrap="true">
                  <a onclick="toggleDetailsVisibility('mwo.tests.LoginTests_beforeMethod_byClass_FAIL3_exception')">java.lang.UnsupportedClassVersionError: 
                     com/report/factory/ExtentTestManager : Unsupported major.minor version 52.0
                     
                  </a>
                  					 
                  				
               </td>
            </tr>
            <tr>
               <td colspan="4" class="detailsBox">
                  <div id="mwo.tests.LoginTests_beforeMethod_byClass_FAIL3_details"
                       class="testMethodDetails">
                     <div>
                        <b>Name: </b>beforeMethod
                     </div>
                     <div>
                        <b>Signature: </b>beforeMethod(java.lang.reflect.Method)[pri:0, instance:mwo.tests.LoginTests@44865ee]
                     </div>
                     <div>
                        <b>Parameters: </b>
                        
                        public void mwo.tests.LoginTests.testInValidLogin() throws java.lang.Exception
                        
                        
                     </div>
                     <div>
                        <b>Start time: </b>01:38:40
                     </div>
                     <div>
                        <b>End time: </b>01:38:40
                     </div>
                     <div>
                        <b>Duration: </b>0
                        			 ms
                        		
                     </div>
                  </div>
               </td>
            </tr>
            <tr>
               <td colspan="4" class="detailsBox">
                  <div id="mwo.tests.LoginTests_beforeMethod_byClass_FAIL3_exception"
                       class="testMethodDetails">
                     <pre style="padding: 5px; margin: 0;">java.lang.UnsupportedClassVersionError: com/report/factory/ExtentTestManager : Unsupported major.minor version 52.0
                        	at java.lang.ClassLoader.defineClass1(Native Method)
                        	at java.lang.ClassLoader.defineClass(ClassLoader.java:800)
                        	at java.security.SecureClassLoader.defineClass(SecureClassLoader.java:142)
                        	at java.net.URLClassLoader.defineClass(URLClassLoader.java:449)
                        	at java.net.URLClassLoader.access$100(URLClassLoader.java:71)
                        	at java.net.URLClassLoader$1.run(URLClassLoader.java:361)
                        	at java.net.URLClassLoader$1.run(URLClassLoader.java:355)
                        	at java.security.AccessController.doPrivileged(Native Method)
                        	at java.net.URLClassLoader.findClass(URLClassLoader.java:354)
                        	at java.lang.ClassLoader.loadClass(ClassLoader.java:425)
                        	at sun.misc.Launcher$AppClassLoader.loadClass(Launcher.java:308)
                        	at java.lang.ClassLoader.loadClass(ClassLoader.java:358)
                        	at com.appium.testng.TestBaseStandalone.beforeMethod(Unknown Source)
                        	at sun.reflect.NativeMethodAccessorImpl.invoke0(Native Method)
                        	at sun.reflect.NativeMethodAccessorImpl.invoke(NativeMethodAccessorImpl.java:57)
                        	at sun.reflect.DelegatingMethodAccessorImpl.invoke(DelegatingMethodAccessorImpl.java:43)
                        	at java.lang.reflect.Method.invoke(Method.java:606)
                        	at org.testng.internal.MethodInvocationHelper.invokeMethod(MethodInvocationHelper.java:85)
                        	at org.testng.internal.Invoker.invokeConfigurationMethod(Invoker.java:510)
                        	at org.testng.internal.Invoker.invokeConfigurations(Invoker.java:211)
                        	at org.testng.internal.Invoker.invokeMethod(Invoker.java:585)
                        	at org.testng.internal.Invoker.invokeTestMethod(Invoker.java:816)
                        	at org.testng.internal.Invoker.invokeTestMethods(Invoker.java:1124)
                        	at org.testng.internal.TestMethodWorker.invokeTestMethods(TestMethodWorker.java:125)
                        	at org.testng.internal.TestMethodWorker.run(TestMethodWorker.java:108)
                        	at org.testng.TestRunner.privateRun(TestRunner.java:774)
                        	at org.testng.TestRunner.run(TestRunner.java:624)
                        	at org.testng.SuiteRunner.runTest(SuiteRunner.java:359)
                        	at org.testng.SuiteRunner.runSequentially(SuiteRunner.java:354)
                        	at org.testng.SuiteRunner.privateRun(SuiteRunner.java:312)
                        	at org.testng.SuiteRunner.run(SuiteRunner.java:261)
                        	at org.testng.SuiteRunnerWorker.runSuite(SuiteRunnerWorker.java:52)
                        	at org.testng.SuiteRunnerWorker.run(SuiteRunnerWorker.java:86)
                        	at org.testng.TestNG.runSuitesSequentially(TestNG.java:1215)
                        	at org.testng.TestNG.runSuitesLocally(TestNG.java:1140)
                        	at org.testng.TestNG.run(TestNG.java:1048)
                        	at org.testng.TestNG.privateMain(TestNG.java:1355)
                        	at org.testng.TestNG.main(TestNG.java:1324)
                     </pre>
                  </div>
               </td>
            </tr>
            <tr id="mwo.tests.LoginTests_testInValidLogin_byClass_SKIP4_row"
                class="testMethodStatusSKIP">
               <td width="100%" class="firstMethodCell">
                  <a onclick="toggleDetailsVisibility('mwo.tests.LoginTests_testInValidLogin_byClass_SKIP4_details')">testInValidLogin()</a>
               </td>
               <td nowrap="true">01:38:40</td>
               <td nowrap="true" align="right">0
                  			 ms
                  		
               </td>
               <td nowrap="true">
                  					 
                  				
               </td>
            </tr>
            <tr>
               <td colspan="4" class="detailsBox">
                  <div id="mwo.tests.LoginTests_testInValidLogin_byClass_SKIP4_details"
                       class="testMethodDetails">
                     <div>
                        <b>Name: </b>testInValidLogin
                     </div>
                     <div>
                        <b>Signature: </b>testInValidLogin()[pri:0, instance:mwo.tests.LoginTests@44865ee]
                     </div>
                     <div>
                        <b>Start time: </b>01:38:40
                     </div>
                     <div>
                        <b>End time: </b>01:38:40
                     </div>
                     <div>
                        <b>Duration: </b>0
                        			 ms
                        		
                     </div>
                  </div>
               </td>
            </tr>
            <tr></tr>
            <tr id="mwo.tests.LoginTests_afterMethod_byClass_FAIL5_row"
                class="testMethodStatusFAIL testMethodStatusCONF">
               <td width="100%" class="firstMethodCell">
                  <a onclick="toggleDetailsVisibility('mwo.tests.LoginTests_afterMethod_byClass_FAIL5_details')">afterMethod([TestResult name=testInValidLogin status=SKIP method=LoginTests.testInValidLogin()[pri:0, instance:mwo.tests.LoginTests@44865ee]
                     output={null}])
                  </a>
               </td>
               <td nowrap="true">01:38:40</td>
               <td nowrap="true" align="right">0
                  			 ms
                  		
               </td>
               <td nowrap="true">
                  <a onclick="toggleDetailsVisibility('mwo.tests.LoginTests_afterMethod_byClass_FAIL5_exception')">java.lang.UnsupportedClassVersionError: 
                     com/report/factory/ExtentTestManager
                     
                  </a>
                  					 
                  				
               </td>
            </tr>
            <tr>
               <td colspan="4" class="detailsBox">
                  <div id="mwo.tests.LoginTests_afterMethod_byClass_FAIL5_details"
                       class="testMethodDetails">
                     <div>
                        <b>Name: </b>afterMethod
                     </div>
                     <div>
                        <b>Signature: </b>afterMethod(org.testng.ITestResult)[pri:0, instance:mwo.tests.LoginTests@44865ee]
                     </div>
                     <div>
                        <b>Parameters: </b>
                        
                        [TestResult name=testInValidLogin status=SKIP method=LoginTests.testInValidLogin()[pri:0, instance:mwo.tests.LoginTests@44865ee]
                        output={null}]
                        
                        
                     </div>
                     <div>
                        <b>Start time: </b>01:38:40
                     </div>
                     <div>
                        <b>End time: </b>01:38:40
                     </div>
                     <div>
                        <b>Duration: </b>0
                        			 ms
                        		
                     </div>
                  </div>
               </td>
            </tr>
            <tr>
               <td colspan="4" class="detailsBox">
                  <div id="mwo.tests.LoginTests_afterMethod_byClass_FAIL5_exception"
                       class="testMethodDetails">
                     <pre style="padding: 5px; margin: 0;">java.lang.UnsupportedClassVersionError: com/report/factory/ExtentTestManager
                        	at com.appium.testng.TestBaseStandalone.afterMethod(Unknown Source)
                        	at sun.reflect.NativeMethodAccessorImpl.invoke0(Native Method)
                        	at sun.reflect.NativeMethodAccessorImpl.invoke(NativeMethodAccessorImpl.java:57)
                        	at sun.reflect.DelegatingMethodAccessorImpl.invoke(DelegatingMethodAccessorImpl.java:43)
                        	at java.lang.reflect.Method.invoke(Method.java:606)
                        	at org.testng.internal.MethodInvocationHelper.invokeMethod(MethodInvocationHelper.java:85)
                        	at org.testng.internal.Invoker.invokeConfigurationMethod(Invoker.java:510)
                        	at org.testng.internal.Invoker.invokeConfigurations(Invoker.java:211)
                        	at org.testng.internal.Invoker.invokeMethod(Invoker.java:703)
                        	at org.testng.internal.Invoker.invokeTestMethod(Invoker.java:816)
                        	at org.testng.internal.Invoker.invokeTestMethods(Invoker.java:1124)
                        	at org.testng.internal.TestMethodWorker.invokeTestMethods(TestMethodWorker.java:125)
                        	at org.testng.internal.TestMethodWorker.run(TestMethodWorker.java:108)
                        	at org.testng.TestRunner.privateRun(TestRunner.java:774)
                        	at org.testng.TestRunner.run(TestRunner.java:624)
                        	at org.testng.SuiteRunner.runTest(SuiteRunner.java:359)
                        	at org.testng.SuiteRunner.runSequentially(SuiteRunner.java:354)
                        	at org.testng.SuiteRunner.privateRun(SuiteRunner.java:312)
                        	at org.testng.SuiteRunner.run(SuiteRunner.java:261)
                        	at org.testng.SuiteRunnerWorker.runSuite(SuiteRunnerWorker.java:52)
                        	at org.testng.SuiteRunnerWorker.run(SuiteRunnerWorker.java:86)
                        	at org.testng.TestNG.runSuitesSequentially(TestNG.java:1215)
                        	at org.testng.TestNG.runSuitesLocally(TestNG.java:1140)
                        	at org.testng.TestNG.run(TestNG.java:1048)
                        	at org.testng.TestNG.privateMain(TestNG.java:1355)
                        	at org.testng.TestNG.main(TestNG.java:1324)
                     </pre>
                  </div>
               </td>
            </tr>
            <tr id="mwo.tests.LoginTests_beforeMethod_byClass_FAIL6_row"
                class="testMethodStatusFAIL testMethodStatusCONF">
               <td width="100%" class="firstMethodCell">
                  <a onclick="toggleDetailsVisibility('mwo.tests.LoginTests_beforeMethod_byClass_FAIL6_details')">beforeMethod(public void mwo.tests.LoginTests.testValidLogin() throws java.lang.Exception)</a>
               </td>
               <td nowrap="true">01:38:40</td>
               <td nowrap="true" align="right">0
                  			 ms
                  		
               </td>
               <td nowrap="true">
                  <a onclick="toggleDetailsVisibility('mwo.tests.LoginTests_beforeMethod_byClass_FAIL6_exception')">java.lang.UnsupportedClassVersionError: 
                     com/report/factory/ExtentTestManager
                     
                  </a>
                  					 
                  				
               </td>
            </tr>
            <tr>
               <td colspan="4" class="detailsBox">
                  <div id="mwo.tests.LoginTests_beforeMethod_byClass_FAIL6_details"
                       class="testMethodDetails">
                     <div>
                        <b>Name: </b>beforeMethod
                     </div>
                     <div>
                        <b>Signature: </b>beforeMethod(java.lang.reflect.Method)[pri:0, instance:mwo.tests.LoginTests@44865ee]
                     </div>
                     <div>
                        <b>Parameters: </b>
                        
                        public void mwo.tests.LoginTests.testValidLogin() throws java.lang.Exception
                        
                        
                     </div>
                     <div>
                        <b>Start time: </b>01:38:40
                     </div>
                     <div>
                        <b>End time: </b>01:38:40
                     </div>
                     <div>
                        <b>Duration: </b>0
                        			 ms
                        		
                     </div>
                  </div>
               </td>
            </tr>
            <tr>
               <td colspan="4" class="detailsBox">
                  <div id="mwo.tests.LoginTests_beforeMethod_byClass_FAIL6_exception"
                       class="testMethodDetails">
                     <pre style="padding: 5px; margin: 0;">java.lang.UnsupportedClassVersionError: com/report/factory/ExtentTestManager
                        	at com.appium.testng.TestBaseStandalone.beforeMethod(Unknown Source)
                        	at sun.reflect.NativeMethodAccessorImpl.invoke0(Native Method)
                        	at sun.reflect.NativeMethodAccessorImpl.invoke(NativeMethodAccessorImpl.java:57)
                        	at sun.reflect.DelegatingMethodAccessorImpl.invoke(DelegatingMethodAccessorImpl.java:43)
                        	at java.lang.reflect.Method.invoke(Method.java:606)
                        	at org.testng.internal.MethodInvocationHelper.invokeMethod(MethodInvocationHelper.java:85)
                        	at org.testng.internal.Invoker.invokeConfigurationMethod(Invoker.java:510)
                        	at org.testng.internal.Invoker.invokeConfigurations(Invoker.java:211)
                        	at org.testng.internal.Invoker.invokeMethod(Invoker.java:585)
                        	at org.testng.internal.Invoker.invokeTestMethod(Invoker.java:816)
                        	at org.testng.internal.Invoker.invokeTestMethods(Invoker.java:1124)
                        	at org.testng.internal.TestMethodWorker.invokeTestMethods(TestMethodWorker.java:125)
                        	at org.testng.internal.TestMethodWorker.run(TestMethodWorker.java:108)
                        	at org.testng.TestRunner.privateRun(TestRunner.java:774)
                        	at org.testng.TestRunner.run(TestRunner.java:624)
                        	at org.testng.SuiteRunner.runTest(SuiteRunner.java:359)
                        	at org.testng.SuiteRunner.runSequentially(SuiteRunner.java:354)
                        	at org.testng.SuiteRunner.privateRun(SuiteRunner.java:312)
                        	at org.testng.SuiteRunner.run(SuiteRunner.java:261)
                        	at org.testng.SuiteRunnerWorker.runSuite(SuiteRunnerWorker.java:52)
                        	at org.testng.SuiteRunnerWorker.run(SuiteRunnerWorker.java:86)
                        	at org.testng.TestNG.runSuitesSequentially(TestNG.java:1215)
                        	at org.testng.TestNG.runSuitesLocally(TestNG.java:1140)
                        	at org.testng.TestNG.run(TestNG.java:1048)
                        	at org.testng.TestNG.privateMain(TestNG.java:1355)
                        	at org.testng.TestNG.main(TestNG.java:1324)
                     </pre>
                  </div>
               </td>
            </tr>
            <tr id="mwo.tests.LoginTests_testValidLogin_byClass_SKIP7_row"
                class="testMethodStatusSKIP">
               <td width="100%" class="firstMethodCell">
                  <a onclick="toggleDetailsVisibility('mwo.tests.LoginTests_testValidLogin_byClass_SKIP7_details')">testValidLogin()</a>
               </td>
               <td nowrap="true">01:38:40</td>
               <td nowrap="true" align="right">0
                  			 ms
                  		
               </td>
               <td nowrap="true">
                  					 
                  				
               </td>
            </tr>
            <tr>
               <td colspan="4" class="detailsBox">
                  <div id="mwo.tests.LoginTests_testValidLogin_byClass_SKIP7_details"
                       class="testMethodDetails">
                     <div>
                        <b>Name: </b>testValidLogin
                     </div>
                     <div>
                        <b>Signature: </b>testValidLogin()[pri:0, instance:mwo.tests.LoginTests@44865ee]
                     </div>
                     <div>
                        <b>Start time: </b>01:38:40
                     </div>
                     <div>
                        <b>End time: </b>01:38:40
                     </div>
                     <div>
                        <b>Duration: </b>0
                        			 ms
                        		
                     </div>
                  </div>
               </td>
            </tr>
            <tr></tr>
            <tr id="mwo.tests.LoginTests_afterMethod_byClass_FAIL8_row"
                class="testMethodStatusFAIL testMethodStatusCONF">
               <td width="100%" class="firstMethodCell">
                  <a onclick="toggleDetailsVisibility('mwo.tests.LoginTests_afterMethod_byClass_FAIL8_details')">afterMethod([TestResult name=testValidLogin status=SKIP method=LoginTests.testValidLogin()[pri:0, instance:mwo.tests.LoginTests@44865ee]
                     output={null}])
                  </a>
               </td>
               <td nowrap="true">01:38:40</td>
               <td nowrap="true" align="right">0
                  			 ms
                  		
               </td>
               <td nowrap="true">
                  <a onclick="toggleDetailsVisibility('mwo.tests.LoginTests_afterMethod_byClass_FAIL8_exception')">java.lang.UnsupportedClassVersionError: 
                     com/report/factory/ExtentTestManager
                     
                  </a>
                  					 
                  				
               </td>
            </tr>
            <tr>
               <td colspan="4" class="detailsBox">
                  <div id="mwo.tests.LoginTests_afterMethod_byClass_FAIL8_details"
                       class="testMethodDetails">
                     <div>
                        <b>Name: </b>afterMethod
                     </div>
                     <div>
                        <b>Signature: </b>afterMethod(org.testng.ITestResult)[pri:0, instance:mwo.tests.LoginTests@44865ee]
                     </div>
                     <div>
                        <b>Parameters: </b>
                        
                        [TestResult name=testValidLogin status=SKIP method=LoginTests.testValidLogin()[pri:0, instance:mwo.tests.LoginTests@44865ee]
                        output={null}]
                        
                        
                     </div>
                     <div>
                        <b>Start time: </b>01:38:40
                     </div>
                     <div>
                        <b>End time: </b>01:38:40
                     </div>
                     <div>
                        <b>Duration: </b>0
                        			 ms
                        		
                     </div>
                  </div>
               </td>
            </tr>
            <tr>
               <td colspan="4" class="detailsBox">
                  <div id="mwo.tests.LoginTests_afterMethod_byClass_FAIL8_exception"
                       class="testMethodDetails">
                     <pre style="padding: 5px; margin: 0;">java.lang.UnsupportedClassVersionError: com/report/factory/ExtentTestManager
                        	at com.appium.testng.TestBaseStandalone.afterMethod(Unknown Source)
                        	at sun.reflect.NativeMethodAccessorImpl.invoke0(Native Method)
                        	at sun.reflect.NativeMethodAccessorImpl.invoke(NativeMethodAccessorImpl.java:57)
                        	at sun.reflect.DelegatingMethodAccessorImpl.invoke(DelegatingMethodAccessorImpl.java:43)
                        	at java.lang.reflect.Method.invoke(Method.java:606)
                        	at org.testng.internal.MethodInvocationHelper.invokeMethod(MethodInvocationHelper.java:85)
                        	at org.testng.internal.Invoker.invokeConfigurationMethod(Invoker.java:510)
                        	at org.testng.internal.Invoker.invokeConfigurations(Invoker.java:211)
                        	at org.testng.internal.Invoker.invokeMethod(Invoker.java:703)
                        	at org.testng.internal.Invoker.invokeTestMethod(Invoker.java:816)
                        	at org.testng.internal.Invoker.invokeTestMethods(Invoker.java:1124)
                        	at org.testng.internal.TestMethodWorker.invokeTestMethods(TestMethodWorker.java:125)
                        	at org.testng.internal.TestMethodWorker.run(TestMethodWorker.java:108)
                        	at org.testng.TestRunner.privateRun(TestRunner.java:774)
                        	at org.testng.TestRunner.run(TestRunner.java:624)
                        	at org.testng.SuiteRunner.runTest(SuiteRunner.java:359)
                        	at org.testng.SuiteRunner.runSequentially(SuiteRunner.java:354)
                        	at org.testng.SuiteRunner.privateRun(SuiteRunner.java:312)
                        	at org.testng.SuiteRunner.run(SuiteRunner.java:261)
                        	at org.testng.SuiteRunnerWorker.runSuite(SuiteRunnerWorker.java:52)
                        	at org.testng.SuiteRunnerWorker.run(SuiteRunnerWorker.java:86)
                        	at org.testng.TestNG.runSuitesSequentially(TestNG.java:1215)
                        	at org.testng.TestNG.runSuitesLocally(TestNG.java:1140)
                        	at org.testng.TestNG.run(TestNG.java:1048)
                        	at org.testng.TestNG.privateMain(TestNG.java:1355)
                        	at org.testng.TestNG.main(TestNG.java:1324)
                     </pre>
                  </div>
               </td>
            </tr>
            <tr id="mwo.tests.LoginTests_afterClass_byClass_PASS9_row"
                class="testMethodStatusPASS testMethodStatusCONF">
               <td width="100%" class="firstMethodCell">
                  <a onclick="toggleDetailsVisibility('mwo.tests.LoginTests_afterClass_byClass_PASS9_details')">afterClass()</a>
               </td>
               <td nowrap="true">01:38:40</td>
               <td nowrap="true" align="right">0
                  			 ms
                  		
               </td>
               <td nowrap="true">
                  					 
                  				
               </td>
            </tr>
            <tr>
               <td colspan="4" class="detailsBox">
                  <div id="mwo.tests.LoginTests_afterClass_byClass_PASS9_details"
                       class="testMethodDetails">
                     <div>
                        <b>Name: </b>afterClass
                     </div>
                     <div>
                        <b>Signature: </b>afterClass()[pri:0, instance:mwo.tests.LoginTests@44865ee]
                     </div>
                     <div>
                        <b>Start time: </b>01:38:40
                     </div>
                     <div>
                        <b>End time: </b>01:38:40
                     </div>
                     <div>
                        <b>Duration: </b>0
                        			 ms
                        		
                     </div>
                  </div>
               </td>
            </tr>
            <tr></tr>
            <tr id="mwo.tests.LoginTests_afterSuite_byClass_FAIL10_row"
                class="testMethodStatusFAIL testMethodStatusCONF">
               <td width="100%" class="firstMethodCell">
                  <a onclick="toggleDetailsVisibility('mwo.tests.LoginTests_afterSuite_byClass_FAIL10_details')">afterSuite()</a>
               </td>
               <td nowrap="true">01:38:40</td>
               <td nowrap="true" align="right">0
                  			 ms
                  		
               </td>
               <td nowrap="true">
                  <a onclick="toggleDetailsVisibility('mwo.tests.LoginTests_afterSuite_byClass_FAIL10_exception')">java.lang.NullPointerException: </a>
                  					 
                  				
               </td>
            </tr>
            <tr>
               <td colspan="4" class="detailsBox">
                  <div id="mwo.tests.LoginTests_afterSuite_byClass_FAIL10_details"
                       class="testMethodDetails">
                     <div>
                        <b>Name: </b>afterSuite
                     </div>
                     <div>
                        <b>Signature: </b>afterSuite()[pri:0, instance:mwo.tests.LoginTests@44865ee]
                     </div>
                     <div>
                        <b>Start time: </b>01:38:40
                     </div>
                     <div>
                        <b>End time: </b>01:38:40
                     </div>
                     <div>
                        <b>Duration: </b>0
                        			 ms
                        		
                     </div>
                  </div>
               </td>
            </tr>
            <tr>
               <td colspan="4" class="detailsBox">
                  <div id="mwo.tests.LoginTests_afterSuite_byClass_FAIL10_exception"
                       class="testMethodDetails">
                     <pre style="padding: 5px; margin: 0;">java.lang.NullPointerException
                        	at com.appium.testng.TestBaseStandalone.afterSuite(Unknown Source)
                        	at sun.reflect.NativeMethodAccessorImpl.invoke0(Native Method)
                        	at sun.reflect.NativeMethodAccessorImpl.invoke(NativeMethodAccessorImpl.java:57)
                        	at sun.reflect.DelegatingMethodAccessorImpl.invoke(DelegatingMethodAccessorImpl.java:43)
                        	at java.lang.reflect.Method.invoke(Method.java:606)
                        	at org.testng.internal.MethodInvocationHelper.invokeMethod(MethodInvocationHelper.java:85)
                        	at org.testng.internal.Invoker.invokeConfigurationMethod(Invoker.java:510)
                        	at org.testng.internal.Invoker.invokeConfigurations(Invoker.java:211)
                        	at org.testng.internal.Invoker.invokeConfigurations(Invoker.java:138)
                        	at org.testng.SuiteRunner.privateRun(SuiteRunner.java:329)
                        	at org.testng.SuiteRunner.run(SuiteRunner.java:261)
                        	at org.testng.SuiteRunnerWorker.runSuite(SuiteRunnerWorker.java:52)
                        	at org.testng.SuiteRunnerWorker.run(SuiteRunnerWorker.java:86)
                        	at org.testng.TestNG.runSuitesSequentially(TestNG.java:1215)
                        	at org.testng.TestNG.runSuitesLocally(TestNG.java:1140)
                        	at org.testng.TestNG.run(TestNG.java:1048)
                        	at org.testng.TestNG.privateMain(TestNG.java:1355)
                        	at org.testng.TestNG.main(TestNG.java:1324)
                     </pre>
                  </div>
               </td>
            </tr>
         </table>
         <br></br>
      </div>
      <div style="margin-top: 15px; color: gray; text-align: center; font-size: 9px;">
         			Generated with
         			
         <a href="http://code.google.com/p/testng-xslt/" style="color: #8888aa;"
            target="_blank">
            				TestNG XSLT
            			
         </a>
      </div>
   </body>
</html>