<html>
<head>
<title>TestNG:  Test</title>
<link href="../testng.css" rel="stylesheet" type="text/css" />
<link href="../my-testng.css" rel="stylesheet" type="text/css" />

<style type="text/css">
.log { display: none;} 
.stack-trace { display: none;} 
</style>
<script type="text/javascript">
<!--
function flip(e) {
  current = e.style.display;
  if (current == 'block') {
    e.style.display = 'none';
    return 0;
  }
  else {
    e.style.display = 'block';
    return 1;
  }
}

function toggleBox(szDivId, elem, msg1, msg2)
{
  var res = -1;  if (document.getElementById) {
    res = flip(document.getElementById(szDivId));
  }
  else if (document.all) {
    // this is the way old msie versions work
    res = flip(document.all[szDivId]);
  }
  if(elem) {
    if(res == 0) elem.innerHTML = msg1; else elem.innerHTML = msg2;
  }

}

function toggleAllBoxes() {
  if (document.getElementsByTagName) {
    d = document.getElementsByTagName('div');
    for (i = 0; i < d.length; i++) {
      if (d[i].className == 'log') {
        flip(d[i]);
      }
    }
  }
}

// -->
</script>

</head>
<body>
<h2 align='center'>Test</h2><table border='1' align="center">
<tr>
<td>Tests passed/Failed/Skipped:</td><td>0/2/0</td>
</tr><tr>
<td>Started on:</td><td>Thu Dec 22 02:01:37 IST 2016</td>
</tr>
<tr><td>Total time:</td><td>58 seconds (58390 ms)</td>
</tr><tr>
<td>Included groups:</td><td>Final.All Final.* </td>
</tr><tr>
<td>Excluded groups:</td><td></td>
</tr>
</table><p/>
<small><i>(Hover the method name to see the test class name)</i></small><p/>
<table width='100%' border='1' class='invocation-failed'>
<tr><td colspan='4' align='center'><b>FAILED TESTS</b></td></tr>
<tr><td><b>Test method</b></td>
<td width="30%"><b>Exception</b></td>
<td width="10%"><b>Time (seconds)</b></td>
<td><b>Instance</b></td>
</tr>
<tr>
<td title='mwo.tests.LoginTests.testInValidLogin()'><b>testInValidLogin</b><br>Test class: mwo.tests.LoginTests<br/>
<a href="#Output-392668" onClick='toggleBox("Output-392668", this, "Show output", "Hide output");'>Show output</a>

<a href="#Output-392668" onClick="toggleAllBoxes();">Show all outputs</a>
<div class='log' id="Output-392668">
We are in Android, now checking for Alert messages...<br/>
</div>
</td>
<td><div><pre>org.openqa.selenium.InvalidSelectorException: Argument was an invalid selector (e.g. XPath/CSS). (WARNING: The server did not provide any stacktrace information)
Command duration or timeout: 18 milliseconds
For documentation on this error, please visit: http://seleniumhq.org/exceptions/invalid_selector_exception.html
Build info: version: &apos;2.53.0&apos;, revision: &apos;35ae25b&apos;, time: &apos;2016-03-15 16:57:40&apos;
System info: host: &apos;BDC7-L-1Z7XLV1&apos;, ip: &apos;192.168.56.1&apos;, os.name: &apos;Windows 7&apos;, os.arch: &apos;x86&apos;, os.version: &apos;6.1&apos;, java.version: &apos;1.8.0_60&apos;
Driver info: io.appium.java_client.android.AndroidDriver
Capabilities [{appPackage=null, app=C:\Users\srinivas.bavirisetti\Desktop\IFS\Automation_Sample\IFS_AutoSample\bin\Release\IFSPOC_new.apk, networkConnectionEnabled=true, recreateChromeDriverSessions=true, warnings={}, appWaitPackage=null, databaseEnabled=false, version=, deviceName=emulator-5554, platform=ANDROID, appActivity=null, chromedriverExecutable=./liblocal/chromedriver_2.20/chromedriver, desired={appPackage=null, app=C:\Users\srinivas.bavirisetti\Desktop\IFS\Automation_Sample\IFS_AutoSample\bin\Release\IFSPOC_new.apk, recreateChromeDriverSessions=true, appWaitPackage=null, version=, deviceName=Android Emulator, platform=ANDROID, appActivity=null, chromedriverExecutable=./liblocal/chromedriver_2.20/chromedriver, newCommandTimeout=200, platformVersion=7.0, automationName=Appium, browserName=, takesScreenshot=true, platformName=Android, autoAcceptAlerts=true}, newCommandTimeout=200, platformVersion=6.0, webStorageEnabled=false, locationContextEnabled=false, automationName=Appium, browserName=, takesScreenshot=true, javascriptEnabled=true, platformName=Android, autoAcceptAlerts=true}]
Session ID: f2470433-8ab4-4bdc-a410-f66ab12ad9a4
*** Element info: {Using=xpath, value=No Result}
	at org.openqa.selenium.remote.ErrorHandler.createThrowable(ErrorHandler.java:206)
	at org.openqa.selenium.remote.ErrorHandler.throwIfResponseFailed(ErrorHandler.java:158)
	at org.openqa.selenium.remote.RemoteWebDriver.execute(RemoteWebDriver.java:678)
	at io.appium.java_client.DefaultGenericMobileDriver.execute(DefaultGenericMobileDriver.java:43)
	at io.appium.java_client.AppiumDriver.execute(AppiumDriver.java:1)
	at io.appium.java_client.android.AndroidDriver.execute(AndroidDriver.java:1)
	at org.openqa.selenium.remote.RemoteWebDriver.findElements(RemoteWebDriver.java:388)
	at org.openqa.selenium.remote.RemoteWebDriver.findElementsByXPath(RemoteWebDriver.java:504)
	at io.appium.java_client.DefaultGenericMobileDriver.findElementsByXPath(DefaultGenericMobileDriver.java:133)
	at io.appium.java_client.AppiumDriver.findElementsByXPath(AppiumDriver.java:208)
	at org.openqa.selenium.By$ByXPath.findElements(By.java:356)
	at org.openqa.selenium.remote.RemoteWebDriver.findElements(RemoteWebDriver.java:351)
	at io.appium.java_client.DefaultGenericMobileDriver.findElements(DefaultGenericMobileDriver.java:47)
	at io.appium.java_client.AppiumDriver.findElements(AppiumDriver.java:176)
	at com.appium.base.PageBase.isElementPresent(Unknown Source)
	at mwo.pages.LoginPage.AppLaunchVerification(Unknown Source)
	at mwo.tests.LoginTests.testInValidLogin(Unknown Source)
... Removed 27 stack frames</pre></div><a href='#' onClick='toggleBox("stack-trace392668", this, "Click to show all stack frames", "Click to hide stack frames")'>Click to show all stack frames</a>
<div class='stack-trace' id='stack-trace392668'><pre>org.openqa.selenium.InvalidSelectorException: Argument was an invalid selector (e.g. XPath/CSS). (WARNING: The server did not provide any stacktrace information)
Command duration or timeout: 18 milliseconds
For documentation on this error, please visit: http://seleniumhq.org/exceptions/invalid_selector_exception.html
Build info: version: &apos;2.53.0&apos;, revision: &apos;35ae25b&apos;, time: &apos;2016-03-15 16:57:40&apos;
System info: host: &apos;BDC7-L-1Z7XLV1&apos;, ip: &apos;192.168.56.1&apos;, os.name: &apos;Windows 7&apos;, os.arch: &apos;x86&apos;, os.version: &apos;6.1&apos;, java.version: &apos;1.8.0_60&apos;
Driver info: io.appium.java_client.android.AndroidDriver
Capabilities [{appPackage=null, app=C:\Users\srinivas.bavirisetti\Desktop\IFS\Automation_Sample\IFS_AutoSample\bin\Release\IFSPOC_new.apk, networkConnectionEnabled=true, recreateChromeDriverSessions=true, warnings={}, appWaitPackage=null, databaseEnabled=false, version=, deviceName=emulator-5554, platform=ANDROID, appActivity=null, chromedriverExecutable=./liblocal/chromedriver_2.20/chromedriver, desired={appPackage=null, app=C:\Users\srinivas.bavirisetti\Desktop\IFS\Automation_Sample\IFS_AutoSample\bin\Release\IFSPOC_new.apk, recreateChromeDriverSessions=true, appWaitPackage=null, version=, deviceName=Android Emulator, platform=ANDROID, appActivity=null, chromedriverExecutable=./liblocal/chromedriver_2.20/chromedriver, newCommandTimeout=200, platformVersion=7.0, automationName=Appium, browserName=, takesScreenshot=true, platformName=Android, autoAcceptAlerts=true}, newCommandTimeout=200, platformVersion=6.0, webStorageEnabled=false, locationContextEnabled=false, automationName=Appium, browserName=, takesScreenshot=true, javascriptEnabled=true, platformName=Android, autoAcceptAlerts=true}]
Session ID: f2470433-8ab4-4bdc-a410-f66ab12ad9a4
*** Element info: {Using=xpath, value=No Result}
	at sun.reflect.NativeConstructorAccessorImpl.newInstance0(Native Method)
	at sun.reflect.NativeConstructorAccessorImpl.newInstance(NativeConstructorAccessorImpl.java:62)
	at sun.reflect.DelegatingConstructorAccessorImpl.newInstance(DelegatingConstructorAccessorImpl.java:45)
	at java.lang.reflect.Constructor.newInstance(Constructor.java:422)
	at org.openqa.selenium.remote.ErrorHandler.createThrowable(ErrorHandler.java:206)
	at org.openqa.selenium.remote.ErrorHandler.throwIfResponseFailed(ErrorHandler.java:158)
	at org.openqa.selenium.remote.RemoteWebDriver.execute(RemoteWebDriver.java:678)
	at io.appium.java_client.DefaultGenericMobileDriver.execute(DefaultGenericMobileDriver.java:43)
	at io.appium.java_client.AppiumDriver.execute(AppiumDriver.java:1)
	at io.appium.java_client.android.AndroidDriver.execute(AndroidDriver.java:1)
	at org.openqa.selenium.remote.RemoteWebDriver.findElements(RemoteWebDriver.java:388)
	at org.openqa.selenium.remote.RemoteWebDriver.findElementsByXPath(RemoteWebDriver.java:504)
	at io.appium.java_client.DefaultGenericMobileDriver.findElementsByXPath(DefaultGenericMobileDriver.java:133)
	at io.appium.java_client.AppiumDriver.findElementsByXPath(AppiumDriver.java:208)
	at org.openqa.selenium.By$ByXPath.findElements(By.java:356)
	at org.openqa.selenium.remote.RemoteWebDriver.findElements(RemoteWebDriver.java:351)
	at io.appium.java_client.DefaultGenericMobileDriver.findElements(DefaultGenericMobileDriver.java:47)
	at io.appium.java_client.AppiumDriver.findElements(AppiumDriver.java:176)
	at com.appium.base.PageBase.isElementPresent(Unknown Source)
	at mwo.pages.LoginPage.AppLaunchVerification(Unknown Source)
	at mwo.tests.LoginTests.testInValidLogin(Unknown Source)
	at sun.reflect.NativeMethodAccessorImpl.invoke0(Native Method)
	at sun.reflect.NativeMethodAccessorImpl.invoke(NativeMethodAccessorImpl.java:62)
	at sun.reflect.DelegatingMethodAccessorImpl.invoke(DelegatingMethodAccessorImpl.java:43)
	at java.lang.reflect.Method.invoke(Method.java:497)
	at org.testng.internal.MethodInvocationHelper.invokeMethod(MethodInvocationHelper.java:85)
	at org.testng.internal.Invoker.invokeMethod(Invoker.java:639)
	at org.testng.internal.Invoker.invokeTestMethod(Invoker.java:816)
	at org.testng.internal.Invoker.invokeTestMethods(Invoker.java:1124)
	at org.testng.internal.TestMethodWorker.invokeTestMethods(TestMethodWorker.java:125)
	at org.testng.internal.TestMethodWorker.run(TestMethodWorker.java:108)
	at org.testng.TestRunner.privateRun(TestRunner.java:774)
	at org.testng.TestRunner.run(TestRunner.java:624)
	at org.testng.SuiteRunner.runTest(SuiteRunner.java:359)
	at org.testng.SuiteRunner.runSequentially(SuiteRunner.java:354)
	at org.testng.SuiteRunner.privateRun(SuiteRunner.java:312)
	at org.testng.SuiteRunner.run(SuiteRunner.java:261)
	at org.testng.SuiteRunnerWorker.runSuite(SuiteRunnerWorker.java:52)
	at org.testng.SuiteRunnerWorker.run(SuiteRunnerWorker.java:86)
	at org.testng.TestNG.runSuitesSequentially(TestNG.java:1215)
	at org.testng.TestNG.runSuitesLocally(TestNG.java:1140)
	at org.testng.TestNG.run(TestNG.java:1048)
	at org.testng.TestNG.privateMain(TestNG.java:1355)
	at org.testng.TestNG.main(TestNG.java:1324)
</pre></div></td>
<td>3</td>
<td>mwo.tests.LoginTests@1fee20c</td></tr>
<tr>
<td title='mwo.tests.LoginTests.testValidLogin()'><b>testValidLogin</b><br>Test class: mwo.tests.LoginTests<br/>
<a href="#Output-27265210" onClick='toggleBox("Output-27265210", this, "Show output", "Hide output");'>Show output</a>

<a href="#Output-27265210" onClick="toggleAllBoxes();">Show all outputs</a>
<div class='log' id="Output-27265210">
We are in Android, now checking for Alert messages...<br/>
</div>
</td>
<td><div><pre>org.openqa.selenium.InvalidSelectorException: Argument was an invalid selector (e.g. XPath/CSS). (WARNING: The server did not provide any stacktrace information)
Command duration or timeout: 62 milliseconds
For documentation on this error, please visit: http://seleniumhq.org/exceptions/invalid_selector_exception.html
Build info: version: &apos;2.53.0&apos;, revision: &apos;35ae25b&apos;, time: &apos;2016-03-15 16:57:40&apos;
System info: host: &apos;BDC7-L-1Z7XLV1&apos;, ip: &apos;192.168.56.1&apos;, os.name: &apos;Windows 7&apos;, os.arch: &apos;x86&apos;, os.version: &apos;6.1&apos;, java.version: &apos;1.8.0_60&apos;
Driver info: io.appium.java_client.android.AndroidDriver
Capabilities [{appPackage=null, app=C:\Users\srinivas.bavirisetti\Desktop\IFS\Automation_Sample\IFS_AutoSample\bin\Release\IFSPOC_new.apk, networkConnectionEnabled=true, recreateChromeDriverSessions=true, warnings={}, appWaitPackage=null, databaseEnabled=false, version=, deviceName=emulator-5554, platform=ANDROID, appActivity=null, chromedriverExecutable=./liblocal/chromedriver_2.20/chromedriver, desired={appPackage=null, app=C:\Users\srinivas.bavirisetti\Desktop\IFS\Automation_Sample\IFS_AutoSample\bin\Release\IFSPOC_new.apk, recreateChromeDriverSessions=true, appWaitPackage=null, version=, deviceName=Android Emulator, platform=ANDROID, appActivity=null, chromedriverExecutable=./liblocal/chromedriver_2.20/chromedriver, newCommandTimeout=200, platformVersion=7.0, automationName=Appium, browserName=, takesScreenshot=true, platformName=Android, autoAcceptAlerts=true}, newCommandTimeout=200, platformVersion=6.0, webStorageEnabled=false, locationContextEnabled=false, automationName=Appium, browserName=, takesScreenshot=true, javascriptEnabled=true, platformName=Android, autoAcceptAlerts=true}]
Session ID: 826fddec-3bd7-471d-9126-5fdfd7569e71
*** Element info: {Using=xpath, value=No Result}
	at org.openqa.selenium.remote.ErrorHandler.createThrowable(ErrorHandler.java:206)
	at org.openqa.selenium.remote.ErrorHandler.throwIfResponseFailed(ErrorHandler.java:158)
	at org.openqa.selenium.remote.RemoteWebDriver.execute(RemoteWebDriver.java:678)
	at io.appium.java_client.DefaultGenericMobileDriver.execute(DefaultGenericMobileDriver.java:43)
	at io.appium.java_client.AppiumDriver.execute(AppiumDriver.java:1)
	at io.appium.java_client.android.AndroidDriver.execute(AndroidDriver.java:1)
	at org.openqa.selenium.remote.RemoteWebDriver.findElements(RemoteWebDriver.java:388)
	at org.openqa.selenium.remote.RemoteWebDriver.findElementsByXPath(RemoteWebDriver.java:504)
	at io.appium.java_client.DefaultGenericMobileDriver.findElementsByXPath(DefaultGenericMobileDriver.java:133)
	at io.appium.java_client.AppiumDriver.findElementsByXPath(AppiumDriver.java:208)
	at org.openqa.selenium.By$ByXPath.findElements(By.java:356)
	at org.openqa.selenium.remote.RemoteWebDriver.findElements(RemoteWebDriver.java:351)
	at io.appium.java_client.DefaultGenericMobileDriver.findElements(DefaultGenericMobileDriver.java:47)
	at io.appium.java_client.AppiumDriver.findElements(AppiumDriver.java:176)
	at com.appium.base.PageBase.isElementPresent(Unknown Source)
	at mwo.pages.LoginPage.AppLaunchVerification(Unknown Source)
	at mwo.tests.LoginTests.testValidLogin(Unknown Source)
... Removed 27 stack frames</pre></div><a href='#' onClick='toggleBox("stack-trace27265210", this, "Click to show all stack frames", "Click to hide stack frames")'>Click to show all stack frames</a>
<div class='stack-trace' id='stack-trace27265210'><pre>org.openqa.selenium.InvalidSelectorException: Argument was an invalid selector (e.g. XPath/CSS). (WARNING: The server did not provide any stacktrace information)
Command duration or timeout: 62 milliseconds
For documentation on this error, please visit: http://seleniumhq.org/exceptions/invalid_selector_exception.html
Build info: version: &apos;2.53.0&apos;, revision: &apos;35ae25b&apos;, time: &apos;2016-03-15 16:57:40&apos;
System info: host: &apos;BDC7-L-1Z7XLV1&apos;, ip: &apos;192.168.56.1&apos;, os.name: &apos;Windows 7&apos;, os.arch: &apos;x86&apos;, os.version: &apos;6.1&apos;, java.version: &apos;1.8.0_60&apos;
Driver info: io.appium.java_client.android.AndroidDriver
Capabilities [{appPackage=null, app=C:\Users\srinivas.bavirisetti\Desktop\IFS\Automation_Sample\IFS_AutoSample\bin\Release\IFSPOC_new.apk, networkConnectionEnabled=true, recreateChromeDriverSessions=true, warnings={}, appWaitPackage=null, databaseEnabled=false, version=, deviceName=emulator-5554, platform=ANDROID, appActivity=null, chromedriverExecutable=./liblocal/chromedriver_2.20/chromedriver, desired={appPackage=null, app=C:\Users\srinivas.bavirisetti\Desktop\IFS\Automation_Sample\IFS_AutoSample\bin\Release\IFSPOC_new.apk, recreateChromeDriverSessions=true, appWaitPackage=null, version=, deviceName=Android Emulator, platform=ANDROID, appActivity=null, chromedriverExecutable=./liblocal/chromedriver_2.20/chromedriver, newCommandTimeout=200, platformVersion=7.0, automationName=Appium, browserName=, takesScreenshot=true, platformName=Android, autoAcceptAlerts=true}, newCommandTimeout=200, platformVersion=6.0, webStorageEnabled=false, locationContextEnabled=false, automationName=Appium, browserName=, takesScreenshot=true, javascriptEnabled=true, platformName=Android, autoAcceptAlerts=true}]
Session ID: 826fddec-3bd7-471d-9126-5fdfd7569e71
*** Element info: {Using=xpath, value=No Result}
	at sun.reflect.NativeConstructorAccessorImpl.newInstance0(Native Method)
	at sun.reflect.NativeConstructorAccessorImpl.newInstance(NativeConstructorAccessorImpl.java:62)
	at sun.reflect.DelegatingConstructorAccessorImpl.newInstance(DelegatingConstructorAccessorImpl.java:45)
	at java.lang.reflect.Constructor.newInstance(Constructor.java:422)
	at org.openqa.selenium.remote.ErrorHandler.createThrowable(ErrorHandler.java:206)
	at org.openqa.selenium.remote.ErrorHandler.throwIfResponseFailed(ErrorHandler.java:158)
	at org.openqa.selenium.remote.RemoteWebDriver.execute(RemoteWebDriver.java:678)
	at io.appium.java_client.DefaultGenericMobileDriver.execute(DefaultGenericMobileDriver.java:43)
	at io.appium.java_client.AppiumDriver.execute(AppiumDriver.java:1)
	at io.appium.java_client.android.AndroidDriver.execute(AndroidDriver.java:1)
	at org.openqa.selenium.remote.RemoteWebDriver.findElements(RemoteWebDriver.java:388)
	at org.openqa.selenium.remote.RemoteWebDriver.findElementsByXPath(RemoteWebDriver.java:504)
	at io.appium.java_client.DefaultGenericMobileDriver.findElementsByXPath(DefaultGenericMobileDriver.java:133)
	at io.appium.java_client.AppiumDriver.findElementsByXPath(AppiumDriver.java:208)
	at org.openqa.selenium.By$ByXPath.findElements(By.java:356)
	at org.openqa.selenium.remote.RemoteWebDriver.findElements(RemoteWebDriver.java:351)
	at io.appium.java_client.DefaultGenericMobileDriver.findElements(DefaultGenericMobileDriver.java:47)
	at io.appium.java_client.AppiumDriver.findElements(AppiumDriver.java:176)
	at com.appium.base.PageBase.isElementPresent(Unknown Source)
	at mwo.pages.LoginPage.AppLaunchVerification(Unknown Source)
	at mwo.tests.LoginTests.testValidLogin(Unknown Source)
	at sun.reflect.NativeMethodAccessorImpl.invoke0(Native Method)
	at sun.reflect.NativeMethodAccessorImpl.invoke(NativeMethodAccessorImpl.java:62)
	at sun.reflect.DelegatingMethodAccessorImpl.invoke(DelegatingMethodAccessorImpl.java:43)
	at java.lang.reflect.Method.invoke(Method.java:497)
	at org.testng.internal.MethodInvocationHelper.invokeMethod(MethodInvocationHelper.java:85)
	at org.testng.internal.Invoker.invokeMethod(Invoker.java:639)
	at org.testng.internal.Invoker.invokeTestMethod(Invoker.java:816)
	at org.testng.internal.Invoker.invokeTestMethods(Invoker.java:1124)
	at org.testng.internal.TestMethodWorker.invokeTestMethods(TestMethodWorker.java:125)
	at org.testng.internal.TestMethodWorker.run(TestMethodWorker.java:108)
	at org.testng.TestRunner.privateRun(TestRunner.java:774)
	at org.testng.TestRunner.run(TestRunner.java:624)
	at org.testng.SuiteRunner.runTest(SuiteRunner.java:359)
	at org.testng.SuiteRunner.runSequentially(SuiteRunner.java:354)
	at org.testng.SuiteRunner.privateRun(SuiteRunner.java:312)
	at org.testng.SuiteRunner.run(SuiteRunner.java:261)
	at org.testng.SuiteRunnerWorker.runSuite(SuiteRunnerWorker.java:52)
	at org.testng.SuiteRunnerWorker.run(SuiteRunnerWorker.java:86)
	at org.testng.TestNG.runSuitesSequentially(TestNG.java:1215)
	at org.testng.TestNG.runSuitesLocally(TestNG.java:1140)
	at org.testng.TestNG.run(TestNG.java:1048)
	at org.testng.TestNG.privateMain(TestNG.java:1355)
	at org.testng.TestNG.main(TestNG.java:1324)
</pre></div></td>
<td>3</td>
<td>mwo.tests.LoginTests@1fee20c</td></tr>
</table><p>
</body>
</html>