<?xml version="1.0" encoding="UTF-8"?>
<testng-results skipped="0" failed="2" total="2" passed="0">
  <reporter-output>
    <line>
      <![CDATA[We are in Android, now checking for Alert messages...]]>
    </line>
    <line>
      <![CDATA[We are in Android, now checking for Alert messages...]]>
    </line>
  </reporter-output>
  <suite name="Mobile_WorkOrder_TestSuite" duration-ms="58390" started-at="2016-12-21T20:31:37Z" finished-at="2016-12-21T20:32:36Z">
    <groups>
      <group name="Final.Regression.iOS">
        <method signature="LoginTests.testInValidLogin()[pri:0, instance:mwo.tests.LoginTests@1fee20c]" name="testInValidLogin" class="mwo.tests.LoginTests"/>
        <method signature="LoginTests.testValidLogin()[pri:0, instance:mwo.tests.LoginTests@1fee20c]" name="testValidLogin" class="mwo.tests.LoginTests"/>
      </group> <!-- Final.Regression.iOS -->
      <group name="Final.Regression.Android">
        <method signature="LoginTests.testInValidLogin()[pri:0, instance:mwo.tests.LoginTests@1fee20c]" name="testInValidLogin" class="mwo.tests.LoginTests"/>
        <method signature="LoginTests.testValidLogin()[pri:0, instance:mwo.tests.LoginTests@1fee20c]" name="testValidLogin" class="mwo.tests.LoginTests"/>
      </group> <!-- Final.Regression.Android -->
    </groups>
    <test name="Test" duration-ms="58390" started-at="2016-12-21T20:31:37Z" finished-at="2016-12-21T20:32:36Z">
      <class name="mwo.tests.LoginTests">
        <test-method status="PASS" signature="beforeSuite()[pri:0, instance:mwo.tests.LoginTests@1fee20c]" name="beforeSuite" is-config="true" duration-ms="54885" started-at="2016-12-22T02:00:43Z" finished-at="2016-12-22T02:01:37Z">
          <reporter-output>
          </reporter-output>
        </test-method> <!-- beforeSuite -->
        <test-method status="PASS" signature="beforeClass()[pri:0, instance:mwo.tests.LoginTests@1fee20c]" name="beforeClass" is-config="true" duration-ms="0" started-at="2016-12-22T02:01:37Z" finished-at="2016-12-22T02:01:37Z">
          <reporter-output>
          </reporter-output>
        </test-method> <!-- beforeClass -->
        <test-method status="PASS" signature="beforeMethod(java.lang.reflect.Method)[pri:0, instance:mwo.tests.LoginTests@1fee20c]" name="beforeMethod" is-config="true" duration-ms="22324" started-at="2016-12-22T02:01:37Z" finished-at="2016-12-22T02:02:00Z">
          <params>
            <param index="0">
              <value>
                <![CDATA[public void mwo.tests.LoginTests.testInValidLogin() throws java.lang.Exception]]>
              </value>
            </param>
          </params>
          <reporter-output>
          </reporter-output>
        </test-method> <!-- beforeMethod -->
        <test-method status="FAIL" signature="testInValidLogin()[pri:0, instance:mwo.tests.LoginTests@1fee20c]" name="testInValidLogin" duration-ms="3246" started-at="2016-12-22T02:02:00Z" finished-at="2016-12-22T02:02:03Z">
          <exception class="org.openqa.selenium.InvalidSelectorException">
            <message>
              <![CDATA[Argument was an invalid selector (e.g. XPath/CSS). (WARNING: The server did not provide any stacktrace information)
Command duration or timeout: 18 milliseconds
For documentation on this error, please visit: http://seleniumhq.org/exceptions/invalid_selector_exception.html
Build info: version: '2.53.0', revision: '35ae25b', time: '2016-03-15 16:57:40'
System info: host: 'BDC7-L-1Z7XLV1', ip: '192.168.56.1', os.name: 'Windows 7', os.arch: 'x86', os.version: '6.1', java.version: '1.8.0_60'
Driver info: io.appium.java_client.android.AndroidDriver
Capabilities [{appPackage=null, app=C:\Users\srinivas.bavirisetti\Desktop\IFS\Automation_Sample\IFS_AutoSample\bin\Release\IFSPOC_new.apk, networkConnectionEnabled=true, recreateChromeDriverSessions=true, warnings={}, appWaitPackage=null, databaseEnabled=false, version=, deviceName=emulator-5554, platform=ANDROID, appActivity=null, chromedriverExecutable=./liblocal/chromedriver_2.20/chromedriver, desired={appPackage=null, app=C:\Users\srinivas.bavirisetti\Desktop\IFS\Automation_Sample\IFS_AutoSample\bin\Release\IFSPOC_new.apk, recreateChromeDriverSessions=true, appWaitPackage=null, version=, deviceName=Android Emulator, platform=ANDROID, appActivity=null, chromedriverExecutable=./liblocal/chromedriver_2.20/chromedriver, newCommandTimeout=200, platformVersion=7.0, automationName=Appium, browserName=, takesScreenshot=true, platformName=Android, autoAcceptAlerts=true}, newCommandTimeout=200, platformVersion=6.0, webStorageEnabled=false, locationContextEnabled=false, automationName=Appium, browserName=, takesScreenshot=true, javascriptEnabled=true, platformName=Android, autoAcceptAlerts=true}]
Session ID: f2470433-8ab4-4bdc-a410-f66ab12ad9a4
*** Element info: {Using=xpath, value=No Result}]]>
            </message>
            <full-stacktrace>
              <![CDATA[org.openqa.selenium.InvalidSelectorException: Argument was an invalid selector (e.g. XPath/CSS). (WARNING: The server did not provide any stacktrace information)
Command duration or timeout: 18 milliseconds
For documentation on this error, please visit: http://seleniumhq.org/exceptions/invalid_selector_exception.html
Build info: version: '2.53.0', revision: '35ae25b', time: '2016-03-15 16:57:40'
System info: host: 'BDC7-L-1Z7XLV1', ip: '192.168.56.1', os.name: 'Windows 7', os.arch: 'x86', os.version: '6.1', java.version: '1.8.0_60'
Driver info: io.appium.java_client.android.AndroidDriver
Capabilities [{appPackage=null, app=C:\Users\srinivas.bavirisetti\Desktop\IFS\Automation_Sample\IFS_AutoSample\bin\Release\IFSPOC_new.apk, networkConnectionEnabled=true, recreateChromeDriverSessions=true, warnings={}, appWaitPackage=null, databaseEnabled=false, version=, deviceName=emulator-5554, platform=ANDROID, appActivity=null, chromedriverExecutable=./liblocal/chromedriver_2.20/chromedriver, desired={appPackage=null, app=C:\Users\srinivas.bavirisetti\Desktop\IFS\Automation_Sample\IFS_AutoSample\bin\Release\IFSPOC_new.apk, recreateChromeDriverSessions=true, appWaitPackage=null, version=, deviceName=Android Emulator, platform=ANDROID, appActivity=null, chromedriverExecutable=./liblocal/chromedriver_2.20/chromedriver, newCommandTimeout=200, platformVersion=7.0, automationName=Appium, browserName=, takesScreenshot=true, platformName=Android, autoAcceptAlerts=true}, newCommandTimeout=200, platformVersion=6.0, webStorageEnabled=false, locationContextEnabled=false, automationName=Appium, browserName=, takesScreenshot=true, javascriptEnabled=true, platformName=Android, autoAcceptAlerts=true}]
Session ID: f2470433-8ab4-4bdc-a410-f66ab12ad9a4
*** Element info: {Using=xpath, value=No Result}
	at sun.reflect.NativeConstructorAccessorImpl.newInstance0(Native Method)
	at sun.reflect.NativeConstructorAccessorImpl.newInstance(NativeConstructorAccessorImpl.java:62)
	at sun.reflect.DelegatingConstructorAccessorImpl.newInstance(DelegatingConstructorAccessorImpl.java:45)
	at java.lang.reflect.Constructor.newInstance(Constructor.java:422)
	at org.openqa.selenium.remote.ErrorHandler.createThrowable(ErrorHandler.java:206)
	at org.openqa.selenium.remote.ErrorHandler.throwIfResponseFailed(ErrorHandler.java:158)
	at org.openqa.selenium.remote.RemoteWebDriver.execute(RemoteWebDriver.java:678)
	at io.appium.java_client.DefaultGenericMobileDriver.execute(DefaultGenericMobileDriver.java:43)
	at io.appium.java_client.AppiumDriver.execute(AppiumDriver.java:1)
	at io.appium.java_client.android.AndroidDriver.execute(AndroidDriver.java:1)
	at org.openqa.selenium.remote.RemoteWebDriver.findElements(RemoteWebDriver.java:388)
	at org.openqa.selenium.remote.RemoteWebDriver.findElementsByXPath(RemoteWebDriver.java:504)
	at io.appium.java_client.DefaultGenericMobileDriver.findElementsByXPath(DefaultGenericMobileDriver.java:133)
	at io.appium.java_client.AppiumDriver.findElementsByXPath(AppiumDriver.java:208)
	at org.openqa.selenium.By$ByXPath.findElements(By.java:356)
	at org.openqa.selenium.remote.RemoteWebDriver.findElements(RemoteWebDriver.java:351)
	at io.appium.java_client.DefaultGenericMobileDriver.findElements(DefaultGenericMobileDriver.java:47)
	at io.appium.java_client.AppiumDriver.findElements(AppiumDriver.java:176)
	at com.appium.base.PageBase.isElementPresent(Unknown Source)
	at mwo.pages.LoginPage.AppLaunchVerification(Unknown Source)
	at mwo.tests.LoginTests.testInValidLogin(Unknown Source)
	at sun.reflect.NativeMethodAccessorImpl.invoke0(Native Method)
	at sun.reflect.NativeMethodAccessorImpl.invoke(NativeMethodAccessorImpl.java:62)
	at sun.reflect.DelegatingMethodAccessorImpl.invoke(DelegatingMethodAccessorImpl.java:43)
	at java.lang.reflect.Method.invoke(Method.java:497)
	at org.testng.internal.MethodInvocationHelper.invokeMethod(MethodInvocationHelper.java:85)
	at org.testng.internal.Invoker.invokeMethod(Invoker.java:639)
	at org.testng.internal.Invoker.invokeTestMethod(Invoker.java:816)
	at org.testng.internal.Invoker.invokeTestMethods(Invoker.java:1124)
	at org.testng.internal.TestMethodWorker.invokeTestMethods(TestMethodWorker.java:125)
	at org.testng.internal.TestMethodWorker.run(TestMethodWorker.java:108)
	at org.testng.TestRunner.privateRun(TestRunner.java:774)
	at org.testng.TestRunner.run(TestRunner.java:624)
	at org.testng.SuiteRunner.runTest(SuiteRunner.java:359)
	at org.testng.SuiteRunner.runSequentially(SuiteRunner.java:354)
	at org.testng.SuiteRunner.privateRun(SuiteRunner.java:312)
	at org.testng.SuiteRunner.run(SuiteRunner.java:261)
	at org.testng.SuiteRunnerWorker.runSuite(SuiteRunnerWorker.java:52)
	at org.testng.SuiteRunnerWorker.run(SuiteRunnerWorker.java:86)
	at org.testng.TestNG.runSuitesSequentially(TestNG.java:1215)
	at org.testng.TestNG.runSuitesLocally(TestNG.java:1140)
	at org.testng.TestNG.run(TestNG.java:1048)
	at org.testng.TestNG.privateMain(TestNG.java:1355)
	at org.testng.TestNG.main(TestNG.java:1324)
]]>
            </full-stacktrace>
          </exception> <!-- org.openqa.selenium.InvalidSelectorException -->
          <reporter-output>
            <line>
              <![CDATA[We are in Android, now checking for Alert messages...]]>
            </line>
          </reporter-output>
        </test-method> <!-- testInValidLogin -->
        <test-method status="PASS" signature="afterMethod(org.testng.ITestResult)[pri:0, instance:mwo.tests.LoginTests@1fee20c]" name="afterMethod" is-config="true" duration-ms="6567" started-at="2016-12-22T02:02:03Z" finished-at="2016-12-22T02:02:10Z">
          <params>
            <param index="0">
              <value>
                <![CDATA[[TestResult name=testInValidLogin status=FAILURE method=LoginTests.testInValidLogin()[pri:0, instance:mwo.tests.LoginTests@1fee20c] output=We are in Android, now checking for Alert messages...]]]>
              </value>
            </param>
          </params>
          <reporter-output>
          </reporter-output>
        </test-method> <!-- afterMethod -->
        <test-method status="PASS" signature="beforeMethod(java.lang.reflect.Method)[pri:0, instance:mwo.tests.LoginTests@1fee20c]" name="beforeMethod" is-config="true" duration-ms="18278" started-at="2016-12-22T02:02:10Z" finished-at="2016-12-22T02:02:28Z">
          <params>
            <param index="0">
              <value>
                <![CDATA[public void mwo.tests.LoginTests.testValidLogin() throws java.lang.Exception]]>
              </value>
            </param>
          </params>
          <reporter-output>
          </reporter-output>
        </test-method> <!-- beforeMethod -->
        <test-method status="FAIL" signature="testValidLogin()[pri:0, instance:mwo.tests.LoginTests@1fee20c]" name="testValidLogin" duration-ms="3786" started-at="2016-12-22T02:02:28Z" finished-at="2016-12-22T02:02:32Z">
          <exception class="org.openqa.selenium.InvalidSelectorException">
            <message>
              <![CDATA[Argument was an invalid selector (e.g. XPath/CSS). (WARNING: The server did not provide any stacktrace information)
Command duration or timeout: 62 milliseconds
For documentation on this error, please visit: http://seleniumhq.org/exceptions/invalid_selector_exception.html
Build info: version: '2.53.0', revision: '35ae25b', time: '2016-03-15 16:57:40'
System info: host: 'BDC7-L-1Z7XLV1', ip: '192.168.56.1', os.name: 'Windows 7', os.arch: 'x86', os.version: '6.1', java.version: '1.8.0_60'
Driver info: io.appium.java_client.android.AndroidDriver
Capabilities [{appPackage=null, app=C:\Users\srinivas.bavirisetti\Desktop\IFS\Automation_Sample\IFS_AutoSample\bin\Release\IFSPOC_new.apk, networkConnectionEnabled=true, recreateChromeDriverSessions=true, warnings={}, appWaitPackage=null, databaseEnabled=false, version=, deviceName=emulator-5554, platform=ANDROID, appActivity=null, chromedriverExecutable=./liblocal/chromedriver_2.20/chromedriver, desired={appPackage=null, app=C:\Users\srinivas.bavirisetti\Desktop\IFS\Automation_Sample\IFS_AutoSample\bin\Release\IFSPOC_new.apk, recreateChromeDriverSessions=true, appWaitPackage=null, version=, deviceName=Android Emulator, platform=ANDROID, appActivity=null, chromedriverExecutable=./liblocal/chromedriver_2.20/chromedriver, newCommandTimeout=200, platformVersion=7.0, automationName=Appium, browserName=, takesScreenshot=true, platformName=Android, autoAcceptAlerts=true}, newCommandTimeout=200, platformVersion=6.0, webStorageEnabled=false, locationContextEnabled=false, automationName=Appium, browserName=, takesScreenshot=true, javascriptEnabled=true, platformName=Android, autoAcceptAlerts=true}]
Session ID: 826fddec-3bd7-471d-9126-5fdfd7569e71
*** Element info: {Using=xpath, value=No Result}]]>
            </message>
            <full-stacktrace>
              <![CDATA[org.openqa.selenium.InvalidSelectorException: Argument was an invalid selector (e.g. XPath/CSS). (WARNING: The server did not provide any stacktrace information)
Command duration or timeout: 62 milliseconds
For documentation on this error, please visit: http://seleniumhq.org/exceptions/invalid_selector_exception.html
Build info: version: '2.53.0', revision: '35ae25b', time: '2016-03-15 16:57:40'
System info: host: 'BDC7-L-1Z7XLV1', ip: '192.168.56.1', os.name: 'Windows 7', os.arch: 'x86', os.version: '6.1', java.version: '1.8.0_60'
Driver info: io.appium.java_client.android.AndroidDriver
Capabilities [{appPackage=null, app=C:\Users\srinivas.bavirisetti\Desktop\IFS\Automation_Sample\IFS_AutoSample\bin\Release\IFSPOC_new.apk, networkConnectionEnabled=true, recreateChromeDriverSessions=true, warnings={}, appWaitPackage=null, databaseEnabled=false, version=, deviceName=emulator-5554, platform=ANDROID, appActivity=null, chromedriverExecutable=./liblocal/chromedriver_2.20/chromedriver, desired={appPackage=null, app=C:\Users\srinivas.bavirisetti\Desktop\IFS\Automation_Sample\IFS_AutoSample\bin\Release\IFSPOC_new.apk, recreateChromeDriverSessions=true, appWaitPackage=null, version=, deviceName=Android Emulator, platform=ANDROID, appActivity=null, chromedriverExecutable=./liblocal/chromedriver_2.20/chromedriver, newCommandTimeout=200, platformVersion=7.0, automationName=Appium, browserName=, takesScreenshot=true, platformName=Android, autoAcceptAlerts=true}, newCommandTimeout=200, platformVersion=6.0, webStorageEnabled=false, locationContextEnabled=false, automationName=Appium, browserName=, takesScreenshot=true, javascriptEnabled=true, platformName=Android, autoAcceptAlerts=true}]
Session ID: 826fddec-3bd7-471d-9126-5fdfd7569e71
*** Element info: {Using=xpath, value=No Result}
	at sun.reflect.NativeConstructorAccessorImpl.newInstance0(Native Method)
	at sun.reflect.NativeConstructorAccessorImpl.newInstance(NativeConstructorAccessorImpl.java:62)
	at sun.reflect.DelegatingConstructorAccessorImpl.newInstance(DelegatingConstructorAccessorImpl.java:45)
	at java.lang.reflect.Constructor.newInstance(Constructor.java:422)
	at org.openqa.selenium.remote.ErrorHandler.createThrowable(ErrorHandler.java:206)
	at org.openqa.selenium.remote.ErrorHandler.throwIfResponseFailed(ErrorHandler.java:158)
	at org.openqa.selenium.remote.RemoteWebDriver.execute(RemoteWebDriver.java:678)
	at io.appium.java_client.DefaultGenericMobileDriver.execute(DefaultGenericMobileDriver.java:43)
	at io.appium.java_client.AppiumDriver.execute(AppiumDriver.java:1)
	at io.appium.java_client.android.AndroidDriver.execute(AndroidDriver.java:1)
	at org.openqa.selenium.remote.RemoteWebDriver.findElements(RemoteWebDriver.java:388)
	at org.openqa.selenium.remote.RemoteWebDriver.findElementsByXPath(RemoteWebDriver.java:504)
	at io.appium.java_client.DefaultGenericMobileDriver.findElementsByXPath(DefaultGenericMobileDriver.java:133)
	at io.appium.java_client.AppiumDriver.findElementsByXPath(AppiumDriver.java:208)
	at org.openqa.selenium.By$ByXPath.findElements(By.java:356)
	at org.openqa.selenium.remote.RemoteWebDriver.findElements(RemoteWebDriver.java:351)
	at io.appium.java_client.DefaultGenericMobileDriver.findElements(DefaultGenericMobileDriver.java:47)
	at io.appium.java_client.AppiumDriver.findElements(AppiumDriver.java:176)
	at com.appium.base.PageBase.isElementPresent(Unknown Source)
	at mwo.pages.LoginPage.AppLaunchVerification(Unknown Source)
	at mwo.tests.LoginTests.testValidLogin(Unknown Source)
	at sun.reflect.NativeMethodAccessorImpl.invoke0(Native Method)
	at sun.reflect.NativeMethodAccessorImpl.invoke(NativeMethodAccessorImpl.java:62)
	at sun.reflect.DelegatingMethodAccessorImpl.invoke(DelegatingMethodAccessorImpl.java:43)
	at java.lang.reflect.Method.invoke(Method.java:497)
	at org.testng.internal.MethodInvocationHelper.invokeMethod(MethodInvocationHelper.java:85)
	at org.testng.internal.Invoker.invokeMethod(Invoker.java:639)
	at org.testng.internal.Invoker.invokeTestMethod(Invoker.java:816)
	at org.testng.internal.Invoker.invokeTestMethods(Invoker.java:1124)
	at org.testng.internal.TestMethodWorker.invokeTestMethods(TestMethodWorker.java:125)
	at org.testng.internal.TestMethodWorker.run(TestMethodWorker.java:108)
	at org.testng.TestRunner.privateRun(TestRunner.java:774)
	at org.testng.TestRunner.run(TestRunner.java:624)
	at org.testng.SuiteRunner.runTest(SuiteRunner.java:359)
	at org.testng.SuiteRunner.runSequentially(SuiteRunner.java:354)
	at org.testng.SuiteRunner.privateRun(SuiteRunner.java:312)
	at org.testng.SuiteRunner.run(SuiteRunner.java:261)
	at org.testng.SuiteRunnerWorker.runSuite(SuiteRunnerWorker.java:52)
	at org.testng.SuiteRunnerWorker.run(SuiteRunnerWorker.java:86)
	at org.testng.TestNG.runSuitesSequentially(TestNG.java:1215)
	at org.testng.TestNG.runSuitesLocally(TestNG.java:1140)
	at org.testng.TestNG.run(TestNG.java:1048)
	at org.testng.TestNG.privateMain(TestNG.java:1355)
	at org.testng.TestNG.main(TestNG.java:1324)
]]>
            </full-stacktrace>
          </exception> <!-- org.openqa.selenium.InvalidSelectorException -->
          <reporter-output>
            <line>
              <![CDATA[We are in Android, now checking for Alert messages...]]>
            </line>
          </reporter-output>
        </test-method> <!-- testValidLogin -->
        <test-method status="PASS" signature="afterMethod(org.testng.ITestResult)[pri:0, instance:mwo.tests.LoginTests@1fee20c]" name="afterMethod" is-config="true" duration-ms="4169" started-at="2016-12-22T02:02:32Z" finished-at="2016-12-22T02:02:36Z">
          <params>
            <param index="0">
              <value>
                <![CDATA[[TestResult name=testValidLogin status=FAILURE method=LoginTests.testValidLogin()[pri:0, instance:mwo.tests.LoginTests@1fee20c] output=We are in Android, now checking for Alert messages...]]]>
              </value>
            </param>
          </params>
          <reporter-output>
          </reporter-output>
        </test-method> <!-- afterMethod -->
        <test-method status="PASS" signature="afterClass()[pri:0, instance:mwo.tests.LoginTests@1fee20c]" name="afterClass" is-config="true" duration-ms="0" started-at="2016-12-22T02:02:36Z" finished-at="2016-12-22T02:02:36Z">
          <reporter-output>
          </reporter-output>
        </test-method> <!-- afterClass -->
        <test-method status="PASS" signature="afterSuite()[pri:0, instance:mwo.tests.LoginTests@1fee20c]" name="afterSuite" is-config="true" duration-ms="730" started-at="2016-12-22T02:02:36Z" finished-at="2016-12-22T02:02:37Z">
          <reporter-output>
          </reporter-output>
        </test-method> <!-- afterSuite -->
      </class> <!-- mwo.tests.LoginTests -->
    </test> <!-- Test -->
  </suite> <!-- Mobile_WorkOrder_TestSuite -->
</testng-results>
